26.1103 	EXP 	Created window1 = Window(allowGUI=True, allowStencil=False, autoLog=True, backendConf=UNKNOWN, backgroundFit=<method-wrapper '__getattribute__' of attributeSetter object at 0x0000021202118D30>, backgroundImage=<method-wrapper '__getattribute__' of attributeSetter object at 0x0000021202118D00>, bitsMode=UNKNOWN, blendMode='avg', bpc=(8, 8, 8), color=array([0, 0, 0]), colorSpace='rgb', depthBits=8, fullscr=<method-wrapper '__getattribute__' of attributeSetter object at 0x0000021202118B50>, gamma=None, gammaErrorPolicy='raise', lms=UNKNOWN, monitor=<psychopy.monitors.calibTools.Monitor object at 0x0000021202369550>, multiSample=False, name='window1', numSamples=2, pos=(0, 0), screen=1, size=array([1920, 1080]), stencilBits=0, stereo=False, title='PsychoPy', units='height', useFBO=True, useRetina=False, viewOri=0.0, viewPos=None, viewScale=None, waitBlanking=True, winType='pyglet')
26.1103 	EXP 	window1: mouseVisible = True
26.1103 	EXP 	window1: backgroundImage = ''
26.1103 	EXP 	window1: backgroundFit = 'none'
26.1112 	EXP 	window1: Attempting to measure frame rate of screen (1) ...
26.1112 	EXP 	window1: recordFrameIntervals = False
26.2768 	EXP 	window1: recordFrameIntervals = True
26.4602 	EXP 	Screen (1) actual frame rate measured at 59.98Hz
26.4602 	EXP 	window1: recordFrameIntervals = False
26.4603 	EXP 	window1: mouseVisible = False
28.2445 	EXP 	routeTwoExP: status = STARTED
28.2793 	EXP 	window1: mouseVisible = True
29.0716 	EXP 	window1: mouseVisible = True
29.0741 	EXP 	Created SpanishRepeat01_noPedal = Line(__class__=<class 'psychopy.visual.line.Line'>, anchor=('center', 'center'), autoDraw=False, autoLog=True, closeShape=False, color=array([1., 1., 1.]), colorSpace='rgb', contrast=None, depth=-1.0, draggable=False, fillColor=array([0, 0, 0]), fillColorSpace='rgb', fillRGB=array([0, 0, 0]), interpolate=True, lineColor=array([1., 1., 1.]), lineColorSpace='rgb', lineRGB=array([1, 1, 1]), lineWidth=1.0, name='SpanishRepeat01_noPedal', opacity=0.0, ori=0.0, pos=array([0., 0.]), size=array([1., 1.]), units='height', vertices=ndarray(...), win=Window(...), windingRule=None)
29.0742 	EXP 	window1: mouseVisible = True
29.0754 	EXP 	Created bikebuddy_SlowRepeat01 = Line(__class__=<class 'psychopy.visual.line.Line'>, anchor=('center', 'center'), autoDraw=False, autoLog=True, closeShape=False, color=array([1., 1., 1.]), colorSpace='rgb', contrast=None, depth=-2.0, draggable=False, fillColor=array([0, 0, 0]), fillColorSpace='rgb', fillRGB=array([0, 0, 0]), interpolate=True, lineColor=array([1., 1., 1.]), lineColorSpace='rgb', lineRGB=array([1, 1, 1]), lineWidth=1.0, name='bikebuddy_SlowRepeat01', opacity=0.0, ori=0.0, pos=array([0., 0.]), size=array([1., 1.]), units='height', vertices=ndarray(...), win=Window(...), windingRule=None)
29.0755 	EXP 	window1: mouseVisible = True
29.0767 	EXP 	Created bikebuddy_FastRepeat01 = Line(__class__=<class 'psychopy.visual.line.Line'>, anchor=('center', 'center'), autoDraw=False, autoLog=True, closeShape=False, color=array([1., 1., 1.]), colorSpace='rgb', contrast=None, depth=-3.0, draggable=False, fillColor=array([0, 0, 0]), fillColorSpace='rgb', fillRGB=array([0, 0, 0]), interpolate=True, lineColor=array([1., 1., 1.]), lineColorSpace='rgb', lineRGB=array([1, 1, 1]), lineWidth=1.0, name='bikebuddy_FastRepeat01', opacity=0.0, ori=0.0, pos=array([0., 0.]), size=array([1., 1.]), units='height', vertices=ndarray(...), win=Window(...), windingRule=None)
0.0496 	EXP 	RouteTwo: autoLog = True
0.0835 	EXP 	RouteTwo: autoDraw = True
71.9998 	EXP 	SpanishRepeat01_noPedal: autoDraw = True
83.9999 	EXP 	SpanishRepeat01_noPedal: autoDraw = False
130.9998 	EXP 	bikebuddy_SlowRepeat01: autoDraw = True
141.9998 	EXP 	bikebuddy_SlowRepeat01: autoDraw = False
149.9997 	EXP 	bikebuddy_FastRepeat01: autoDraw = True
153.9998 	EXP 	bikebuddy_FastRepeat01: autoDraw = False
2007.2915 	EXP 	RouteTwo: autoDraw = False
2007.2915 	EXP 	RouteTwo: autoDraw = False
2007.2915 	EXP 	SpanishRepeat01_noPedal: autoDraw = False
2007.2915 	EXP 	bikebuddy_SlowRepeat01: autoDraw = False
2007.2915 	EXP 	bikebuddy_FastRepeat01: autoDraw = False
2007.2915 	EXP 	routeTwoExP: status = STOPPED
2007.3124 	EXP 	window1: mouseVisible = True
