24.5069 	EXP 	Created window1 = Window(allowGUI=True, allowStencil=False, autoLog=True, backendConf=UNKNOWN, backgroundFit=<method-wrapper '__getattribute__' of attributeSetter object at 0x0000017EF33585B0>, backgroundImage=<method-wrapper '__getattribute__' of attributeSetter object at 0x0000017EF3358550>, bitsMode=UNKNOWN, blendMode='avg', bpc=(8, 8, 8), color=array([0, 0, 0]), colorSpace='rgb', depthBits=8, fullscr=<method-wrapper '__getattribute__' of attributeSetter object at 0x0000017EF33583D0>, gamma=None, gammaErrorPolicy='raise', lms=UNKNOWN, monitor=<psychopy.monitors.calibTools.Monitor object at 0x0000017EF876D070>, multiSample=False, name='window1', numSamples=2, pos=(0, 0), screen=1, size=array([1920, 1080]), stencilBits=0, stereo=False, title='PsychoPy', units='height', useFBO=True, useRetina=False, viewOri=0.0, viewPos=None, viewScale=None, waitBlanking=True, winType='pyglet')
24.5070 	EXP 	window1: mouseVisible = True
24.5070 	EXP 	window1: backgroundImage = ''
24.5070 	EXP 	window1: backgroundFit = 'none'
24.5079 	EXP 	window1: Attempting to measure frame rate of screen (1) ...
24.5079 	EXP 	window1: recordFrameIntervals = False
24.6734 	EXP 	window1: recordFrameIntervals = True
24.8567 	EXP 	Screen (1) actual frame rate measured at 60.04Hz
24.8567 	EXP 	window1: recordFrameIntervals = False
24.8568 	EXP 	window1: mouseVisible = False
26.6417 	EXP 	routeTwoExP: status = STARTED
26.6799 	EXP 	window1: mouseVisible = True
27.2788 	EXP 	window1: mouseVisible = True
27.2810 	EXP 	Created SpanishRepeat01_noPedal = Line(__class__=<class 'psychopy.visual.line.Line'>, anchor=('center', 'center'), autoDraw=False, autoLog=True, closeShape=False, color=array([1., 1., 1.]), colorSpace='rgb', contrast=None, depth=-1.0, draggable=False, fillColor=array([0, 0, 0]), fillColorSpace='rgb', fillRGB=array([0, 0, 0]), interpolate=True, lineColor=array([1., 1., 1.]), lineColorSpace='rgb', lineRGB=array([1, 1, 1]), lineWidth=1.0, name='SpanishRepeat01_noPedal', opacity=0.0, ori=0.0, pos=array([0., 0.]), size=array([1., 1.]), units='height', vertices=ndarray(...), win=Window(...), windingRule=None)
27.2811 	EXP 	window1: mouseVisible = True
27.2823 	EXP 	Created bikebuddy_SlowRepeat01 = Line(__class__=<class 'psychopy.visual.line.Line'>, anchor=('center', 'center'), autoDraw=False, autoLog=True, closeShape=False, color=array([1., 1., 1.]), colorSpace='rgb', contrast=None, depth=-2.0, draggable=False, fillColor=array([0, 0, 0]), fillColorSpace='rgb', fillRGB=array([0, 0, 0]), interpolate=True, lineColor=array([1., 1., 1.]), lineColorSpace='rgb', lineRGB=array([1, 1, 1]), lineWidth=1.0, name='bikebuddy_SlowRepeat01', opacity=0.0, ori=0.0, pos=array([0., 0.]), size=array([1., 1.]), units='height', vertices=ndarray(...), win=Window(...), windingRule=None)
27.2824 	EXP 	window1: mouseVisible = True
27.2836 	EXP 	Created bikebuddy_FastRepeat01 = Line(__class__=<class 'psychopy.visual.line.Line'>, anchor=('center', 'center'), autoDraw=False, autoLog=True, closeShape=False, color=array([1., 1., 1.]), colorSpace='rgb', contrast=None, depth=-3.0, draggable=False, fillColor=array([0, 0, 0]), fillColorSpace='rgb', fillRGB=array([0, 0, 0]), interpolate=True, lineColor=array([1., 1., 1.]), lineColorSpace='rgb', lineRGB=array([1, 1, 1]), lineWidth=1.0, name='bikebuddy_FastRepeat01', opacity=0.0, ori=0.0, pos=array([0., 0.]), size=array([1., 1.]), units='height', vertices=ndarray(...), win=Window(...), windingRule=None)
0.0512 	EXP 	RouteTwo: autoLog = True
0.0732 	EXP 	RouteTwo: autoDraw = True
72.0067 	EXP 	SpanishRepeat01_noPedal: autoDraw = True
84.0069 	EXP 	SpanishRepeat01_noPedal: autoDraw = False
131.0071 	EXP 	bikebuddy_SlowRepeat01: autoDraw = True
142.0073 	EXP 	bikebuddy_SlowRepeat01: autoDraw = False
150.0072 	EXP 	bikebuddy_FastRepeat01: autoDraw = True
154.0072 	EXP 	bikebuddy_FastRepeat01: autoDraw = False
1800.3182 	EXP 	RouteTwo: autoDraw = False
1800.3182 	EXP 	RouteTwo: autoDraw = False
1800.3182 	EXP 	SpanishRepeat01_noPedal: autoDraw = False
1800.3182 	EXP 	bikebuddy_SlowRepeat01: autoDraw = False
1800.3182 	EXP 	bikebuddy_FastRepeat01: autoDraw = False
1800.3183 	EXP 	routeTwoExP: status = STOPPED
1800.4428 	EXP 	window1: mouseVisible = True
