33.1564 	EXP 	Created window1 = Window(allowGUI=True, allowStencil=False, autoLog=True, backendConf=UNKNOWN, backgroundFit=<method-wrapper '__getattribute__' of attributeSetter object at 0x00000266D4167D00>, backgroundImage=<method-wrapper '__getattribute__' of attributeSetter object at 0x00000266D4167CA0>, bitsMode=UNKNOWN, blendMode='avg', bpc=(8, 8, 8), color=array([0, 0, 0]), colorSpace='rgb', depthBits=8, fullscr=<method-wrapper '__getattribute__' of attributeSetter object at 0x00000266D4167B20>, gamma=None, gammaErrorPolicy='raise', lms=UNKNOWN, monitor=<psychopy.monitors.calibTools.Monitor object at 0x00000266D958B460>, multiSample=False, name='window1', numSamples=2, pos=(0, 0), screen=1, size=array([1920, 1080]), stencilBits=0, stereo=False, title='PsychoPy', units='height', useFBO=True, useRetina=False, viewOri=0.0, viewPos=None, viewScale=None, waitBlanking=True, winType='pyglet')
33.1565 	EXP 	window1: mouseVisible = True
33.1565 	EXP 	window1: backgroundImage = ''
33.1565 	EXP 	window1: backgroundFit = 'none'
33.1574 	EXP 	window1: Attempting to measure frame rate of screen (1) ...
33.1574 	EXP 	window1: recordFrameIntervals = False
33.3228 	EXP 	window1: recordFrameIntervals = True
33.5064 	EXP 	Screen (1) actual frame rate measured at 59.98Hz
33.5064 	EXP 	window1: recordFrameIntervals = False
33.5065 	EXP 	window1: mouseVisible = False
35.4773 	EXP 	routeTwoExP: status = STARTED
35.5393 	EXP 	window1: mouseVisible = True
36.1994 	EXP 	window1: mouseVisible = True
36.2017 	EXP 	Created SpanishRepeat01_noPedal = Line(__class__=<class 'psychopy.visual.line.Line'>, anchor=('center', 'center'), autoDraw=False, autoLog=True, closeShape=False, color=array([1., 1., 1.]), colorSpace='rgb', contrast=None, depth=-1.0, draggable=False, fillColor=array([0, 0, 0]), fillColorSpace='rgb', fillRGB=array([0, 0, 0]), interpolate=True, lineColor=array([1., 1., 1.]), lineColorSpace='rgb', lineRGB=array([1, 1, 1]), lineWidth=1.0, name='SpanishRepeat01_noPedal', opacity=0.0, ori=0.0, pos=array([0., 0.]), size=array([1., 1.]), units='height', vertices=ndarray(...), win=Window(...), windingRule=None)
36.2018 	EXP 	window1: mouseVisible = True
36.2030 	EXP 	Created bikebuddy_SlowRepeat01 = Line(__class__=<class 'psychopy.visual.line.Line'>, anchor=('center', 'center'), autoDraw=False, autoLog=True, closeShape=False, color=array([1., 1., 1.]), colorSpace='rgb', contrast=None, depth=-2.0, draggable=False, fillColor=array([0, 0, 0]), fillColorSpace='rgb', fillRGB=array([0, 0, 0]), interpolate=True, lineColor=array([1., 1., 1.]), lineColorSpace='rgb', lineRGB=array([1, 1, 1]), lineWidth=1.0, name='bikebuddy_SlowRepeat01', opacity=0.0, ori=0.0, pos=array([0., 0.]), size=array([1., 1.]), units='height', vertices=ndarray(...), win=Window(...), windingRule=None)
36.2030 	EXP 	window1: mouseVisible = True
36.2043 	EXP 	Created bikebuddy_FastRepeat01 = Line(__class__=<class 'psychopy.visual.line.Line'>, anchor=('center', 'center'), autoDraw=False, autoLog=True, closeShape=False, color=array([1., 1., 1.]), colorSpace='rgb', contrast=None, depth=-3.0, draggable=False, fillColor=array([0, 0, 0]), fillColorSpace='rgb', fillRGB=array([0, 0, 0]), interpolate=True, lineColor=array([1., 1., 1.]), lineColorSpace='rgb', lineRGB=array([1, 1, 1]), lineWidth=1.0, name='bikebuddy_FastRepeat01', opacity=0.0, ori=0.0, pos=array([0., 0.]), size=array([1., 1.]), units='height', vertices=ndarray(...), win=Window(...), windingRule=None)
0.0825 	EXP 	RouteTwo: autoLog = True
0.1129 	EXP 	RouteTwo: autoDraw = True
72.0020 	EXP 	SpanishRepeat01_noPedal: autoDraw = True
84.0019 	EXP 	SpanishRepeat01_noPedal: autoDraw = False
131.0021 	EXP 	bikebuddy_SlowRepeat01: autoDraw = True
142.0020 	EXP 	bikebuddy_SlowRepeat01: autoDraw = False
150.0020 	EXP 	bikebuddy_FastRepeat01: autoDraw = True
154.0022 	EXP 	bikebuddy_FastRepeat01: autoDraw = False
1800.3385 	EXP 	RouteTwo: autoDraw = False
1800.3385 	EXP 	RouteTwo: autoDraw = False
1800.3385 	EXP 	SpanishRepeat01_noPedal: autoDraw = False
1800.3385 	EXP 	bikebuddy_SlowRepeat01: autoDraw = False
1800.3385 	EXP 	bikebuddy_FastRepeat01: autoDraw = False
1800.3386 	EXP 	routeTwoExP: status = STOPPED
1800.3754 	EXP 	window1: mouseVisible = True
