203.9209 	EXP 	Created window1 = Window(allowGUI=True, allowStencil=False, autoLog=True, backendConf=UNKNOWN, backgroundFit=<method-wrapper '__getattribute__' of attributeSetter object at 0x0000016507F88640>, backgroundImage=<method-wrapper '__getattribute__' of attributeSetter object at 0x0000016507F885E0>, bitsMode=UNKNOWN, blendMode='avg', bpc=(8, 8, 8), color=array([0, 0, 0]), colorSpace='rgb', depthBits=8, fullscr=<method-wrapper '__getattribute__' of attributeSetter object at 0x0000016507F88460>, gamma=None, gammaErrorPolicy='raise', lms=UNKNOWN, monitor=<psychopy.monitors.calibTools.Monitor object at 0x000001650814F100>, multiSample=False, name='window1', numSamples=2, pos=(0, 0), screen=1, size=array([1920, 1080]), stencilBits=0, stereo=False, title='PsychoPy', units='height', useFBO=True, useRetina=False, viewOri=0.0, viewPos=None, viewScale=None, waitBlanking=True, winType='pyglet')
203.9210 	EXP 	window1: mouseVisible = True
203.9210 	EXP 	window1: backgroundImage = ''
203.9210 	EXP 	window1: backgroundFit = 'none'
203.9218 	EXP 	window1: Attempting to measure frame rate of screen (1) ...
203.9218 	EXP 	window1: recordFrameIntervals = False
204.0874 	EXP 	window1: recordFrameIntervals = True
204.2709 	EXP 	Screen (1) actual frame rate measured at 59.98Hz
204.2709 	EXP 	window1: recordFrameIntervals = False
204.2710 	EXP 	window1: mouseVisible = False
206.0335 	EXP 	routeTwoExP: status = STARTED
206.0768 	EXP 	window1: mouseVisible = True
206.6903 	EXP 	window1: mouseVisible = True
206.6928 	EXP 	Created SpanishRepeat01_noPedal = Line(__class__=<class 'psychopy.visual.line.Line'>, anchor=('center', 'center'), autoDraw=False, autoLog=True, closeShape=False, color=array([1., 1., 1.]), colorSpace='rgb', contrast=None, depth=-1.0, draggable=False, fillColor=array([0, 0, 0]), fillColorSpace='rgb', fillRGB=array([0, 0, 0]), interpolate=True, lineColor=array([1., 1., 1.]), lineColorSpace='rgb', lineRGB=array([1, 1, 1]), lineWidth=1.0, name='SpanishRepeat01_noPedal', opacity=0.0, ori=0.0, pos=array([0., 0.]), size=array([1., 1.]), units='height', vertices=ndarray(...), win=Window(...), windingRule=None)
206.6929 	EXP 	window1: mouseVisible = True
206.6942 	EXP 	Created bikebuddy_SlowRepeat01 = Line(__class__=<class 'psychopy.visual.line.Line'>, anchor=('center', 'center'), autoDraw=False, autoLog=True, closeShape=False, color=array([1., 1., 1.]), colorSpace='rgb', contrast=None, depth=-2.0, draggable=False, fillColor=array([0, 0, 0]), fillColorSpace='rgb', fillRGB=array([0, 0, 0]), interpolate=True, lineColor=array([1., 1., 1.]), lineColorSpace='rgb', lineRGB=array([1, 1, 1]), lineWidth=1.0, name='bikebuddy_SlowRepeat01', opacity=0.0, ori=0.0, pos=array([0., 0.]), size=array([1., 1.]), units='height', vertices=ndarray(...), win=Window(...), windingRule=None)
206.6943 	EXP 	window1: mouseVisible = True
206.6955 	EXP 	Created bikebuddy_FastRepeat01 = Line(__class__=<class 'psychopy.visual.line.Line'>, anchor=('center', 'center'), autoDraw=False, autoLog=True, closeShape=False, color=array([1., 1., 1.]), colorSpace='rgb', contrast=None, depth=-3.0, draggable=False, fillColor=array([0, 0, 0]), fillColorSpace='rgb', fillRGB=array([0, 0, 0]), interpolate=True, lineColor=array([1., 1., 1.]), lineColorSpace='rgb', lineRGB=array([1, 1, 1]), lineWidth=1.0, name='bikebuddy_FastRepeat01', opacity=0.0, ori=0.0, pos=array([0., 0.]), size=array([1., 1.]), units='height', vertices=ndarray(...), win=Window(...), windingRule=None)
0.0413 	EXP 	RouteTwo: autoLog = True
0.0595 	EXP 	RouteTwo: autoDraw = True
72.0086 	EXP 	SpanishRepeat01_noPedal: autoDraw = True
84.0098 	EXP 	SpanishRepeat01_noPedal: autoDraw = False
131.0086 	EXP 	bikebuddy_SlowRepeat01: autoDraw = True
142.0087 	EXP 	bikebuddy_SlowRepeat01: autoDraw = False
150.0087 	EXP 	bikebuddy_FastRepeat01: autoDraw = True
154.0087 	EXP 	bikebuddy_FastRepeat01: autoDraw = False
1800.2896 	EXP 	RouteTwo: autoDraw = False
1800.2896 	EXP 	RouteTwo: autoDraw = False
1800.2896 	EXP 	SpanishRepeat01_noPedal: autoDraw = False
1800.2896 	EXP 	bikebuddy_SlowRepeat01: autoDraw = False
1800.2896 	EXP 	bikebuddy_FastRepeat01: autoDraw = False
1800.2897 	EXP 	routeTwoExP: status = STOPPED
1800.3096 	EXP 	window1: mouseVisible = True
