18.0843 	EXP 	Created window1 = Window(allowGUI=True, allowStencil=False, autoLog=True, backendConf=UNKNOWN, backgroundFit=<method-wrapper '__getattribute__' of attributeSetter object at 0x0000020C77F396A0>, backgroundImage=<method-wrapper '__getattribute__' of attributeSetter object at 0x0000020C77F39640>, bitsMode=UNKNOWN, blendMode='avg', bpc=(8, 8, 8), color=array([0, 0, 0]), colorSpace='rgb', depthBits=8, fullscr=<method-wrapper '__getattribute__' of attributeSetter object at 0x0000020C77F394C0>, gamma=None, gammaErrorPolicy='raise', lms=UNKNOWN, monitor=<psychopy.monitors.calibTools.Monitor object at 0x0000020C78040160>, multiSample=False, name='window1', numSamples=2, pos=(0, 0), screen=1, size=array([1920, 1080]), stencilBits=0, stereo=False, title='PsychoPy', units='height', useFBO=True, useRetina=False, viewOri=0.0, viewPos=None, viewScale=None, waitBlanking=True, winType='pyglet')
18.0844 	EXP 	window1: mouseVisible = True
18.0844 	EXP 	window1: backgroundImage = ''
18.0844 	EXP 	window1: backgroundFit = 'none'
18.0853 	EXP 	window1: Attempting to measure frame rate of screen (1) ...
18.0853 	EXP 	window1: recordFrameIntervals = False
18.2507 	EXP 	window1: recordFrameIntervals = True
18.4342 	EXP 	Screen (1) actual frame rate measured at 60.01Hz
18.4342 	EXP 	window1: recordFrameIntervals = False
18.4343 	EXP 	window1: mouseVisible = False
19.9240 	EXP 	routeTwoExP: status = STARTED
19.9326 	EXP 	window1: mouseVisible = True
20.1668 	EXP 	window1: mouseVisible = True
20.1687 	EXP 	Created SpanishRepeat01_noPedal = Line(__class__=<class 'psychopy.visual.line.Line'>, anchor=('center', 'center'), autoDraw=False, autoLog=True, closeShape=False, color=array([1., 1., 1.]), colorSpace='rgb', contrast=None, depth=-1.0, draggable=False, fillColor=array([0, 0, 0]), fillColorSpace='rgb', fillRGB=array([0, 0, 0]), interpolate=True, lineColor=array([1., 1., 1.]), lineColorSpace='rgb', lineRGB=array([1, 1, 1]), lineWidth=1.0, name='SpanishRepeat01_noPedal', opacity=0.0, ori=0.0, pos=array([0., 0.]), size=array([1., 1.]), units='height', vertices=ndarray(...), win=Window(...), windingRule=None)
20.1688 	EXP 	window1: mouseVisible = True
20.1703 	EXP 	Created bikebuddy_SlowRepeat01 = Line(__class__=<class 'psychopy.visual.line.Line'>, anchor=('center', 'center'), autoDraw=False, autoLog=True, closeShape=False, color=array([1., 1., 1.]), colorSpace='rgb', contrast=None, depth=-2.0, draggable=False, fillColor=array([0, 0, 0]), fillColorSpace='rgb', fillRGB=array([0, 0, 0]), interpolate=True, lineColor=array([1., 1., 1.]), lineColorSpace='rgb', lineRGB=array([1, 1, 1]), lineWidth=1.0, name='bikebuddy_SlowRepeat01', opacity=0.0, ori=0.0, pos=array([0., 0.]), size=array([1., 1.]), units='height', vertices=ndarray(...), win=Window(...), windingRule=None)
20.1704 	EXP 	window1: mouseVisible = True
20.1716 	EXP 	Created bikebuddy_FastRepeat01 = Line(__class__=<class 'psychopy.visual.line.Line'>, anchor=('center', 'center'), autoDraw=False, autoLog=True, closeShape=False, color=array([1., 1., 1.]), colorSpace='rgb', contrast=None, depth=-3.0, draggable=False, fillColor=array([0, 0, 0]), fillColorSpace='rgb', fillRGB=array([0, 0, 0]), interpolate=True, lineColor=array([1., 1., 1.]), lineColorSpace='rgb', lineRGB=array([1, 1, 1]), lineWidth=1.0, name='bikebuddy_FastRepeat01', opacity=0.0, ori=0.0, pos=array([0., 0.]), size=array([1., 1.]), units='height', vertices=ndarray(...), win=Window(...), windingRule=None)
0.0423 	EXP 	RouteTwo: autoLog = True
0.0625 	EXP 	RouteTwo: autoDraw = True
72.0124 	EXP 	SpanishRepeat01_noPedal: autoDraw = True
84.0125 	EXP 	SpanishRepeat01_noPedal: autoDraw = False
131.0125 	EXP 	bikebuddy_SlowRepeat01: autoDraw = True
142.0125 	EXP 	bikebuddy_SlowRepeat01: autoDraw = False
150.0125 	EXP 	bikebuddy_FastRepeat01: autoDraw = True
154.0125 	EXP 	bikebuddy_FastRepeat01: autoDraw = False
1800.2894 	EXP 	RouteTwo: autoDraw = False
1800.2894 	EXP 	RouteTwo: autoDraw = False
1800.2894 	EXP 	SpanishRepeat01_noPedal: autoDraw = False
1800.2894 	EXP 	bikebuddy_SlowRepeat01: autoDraw = False
1800.2894 	EXP 	bikebuddy_FastRepeat01: autoDraw = False
1800.2895 	EXP 	routeTwoExP: status = STOPPED
1800.3100 	EXP 	window1: mouseVisible = True
