23.4441 	EXP 	Created window1 = Window(allowGUI=True, allowStencil=False, autoLog=True, backendConf=UNKNOWN, backgroundFit=<method-wrapper '__getattribute__' of attributeSetter object at 0x000002016AA27D30>, backgroundImage=<method-wrapper '__getattribute__' of attributeSetter object at 0x000002016AA27CD0>, bitsMode=UNKNOWN, blendMode='avg', bpc=(8, 8, 8), color=array([0, 0, 0]), colorSpace='rgb', depthBits=8, fullscr=<method-wrapper '__getattribute__' of attributeSetter object at 0x000002016AA27AF0>, gamma=None, gammaErrorPolicy='raise', lms=UNKNOWN, monitor=<psychopy.monitors.calibTools.Monitor object at 0x000002016FE0C760>, multiSample=False, name='window1', numSamples=2, pos=(0, 0), screen=1, size=array([1920, 1080]), stencilBits=0, stereo=False, title='PsychoPy', units='height', useFBO=True, useRetina=False, viewOri=0.0, viewPos=None, viewScale=None, waitBlanking=True, winType='pyglet')
23.4442 	EXP 	window1: mouseVisible = True
23.4442 	EXP 	window1: backgroundImage = ''
23.4442 	EXP 	window1: backgroundFit = 'none'
23.4453 	EXP 	window1: Attempting to measure frame rate of screen (1) ...
23.4453 	EXP 	window1: recordFrameIntervals = False
23.6107 	EXP 	window1: recordFrameIntervals = True
23.7938 	EXP 	Screen (1) actual frame rate measured at 59.99Hz
23.7939 	EXP 	window1: recordFrameIntervals = False
23.7940 	EXP 	window1: mouseVisible = False
25.5839 	EXP 	routeTwoExP: status = STARTED
25.6231 	EXP 	window1: mouseVisible = True
26.2363 	EXP 	window1: mouseVisible = True
26.2386 	EXP 	Created SpanishRepeat01_noPedal = Line(__class__=<class 'psychopy.visual.line.Line'>, anchor=('center', 'center'), autoDraw=False, autoLog=True, closeShape=False, color=array([1., 1., 1.]), colorSpace='rgb', contrast=None, depth=-1.0, draggable=False, fillColor=array([0, 0, 0]), fillColorSpace='rgb', fillRGB=array([0, 0, 0]), interpolate=True, lineColor=array([1., 1., 1.]), lineColorSpace='rgb', lineRGB=array([1, 1, 1]), lineWidth=1.0, name='SpanishRepeat01_noPedal', opacity=0.0, ori=0.0, pos=array([0., 0.]), size=array([1., 1.]), units='height', vertices=ndarray(...), win=Window(...), windingRule=None)
26.2387 	EXP 	window1: mouseVisible = True
26.2399 	EXP 	Created bikebuddy_SlowRepeat01 = Line(__class__=<class 'psychopy.visual.line.Line'>, anchor=('center', 'center'), autoDraw=False, autoLog=True, closeShape=False, color=array([1., 1., 1.]), colorSpace='rgb', contrast=None, depth=-2.0, draggable=False, fillColor=array([0, 0, 0]), fillColorSpace='rgb', fillRGB=array([0, 0, 0]), interpolate=True, lineColor=array([1., 1., 1.]), lineColorSpace='rgb', lineRGB=array([1, 1, 1]), lineWidth=1.0, name='bikebuddy_SlowRepeat01', opacity=0.0, ori=0.0, pos=array([0., 0.]), size=array([1., 1.]), units='height', vertices=ndarray(...), win=Window(...), windingRule=None)
26.2400 	EXP 	window1: mouseVisible = True
26.2413 	EXP 	Created bikebuddy_FastRepeat01 = Line(__class__=<class 'psychopy.visual.line.Line'>, anchor=('center', 'center'), autoDraw=False, autoLog=True, closeShape=False, color=array([1., 1., 1.]), colorSpace='rgb', contrast=None, depth=-3.0, draggable=False, fillColor=array([0, 0, 0]), fillColorSpace='rgb', fillRGB=array([0, 0, 0]), interpolate=True, lineColor=array([1., 1., 1.]), lineColorSpace='rgb', lineRGB=array([1, 1, 1]), lineWidth=1.0, name='bikebuddy_FastRepeat01', opacity=0.0, ori=0.0, pos=array([0., 0.]), size=array([1., 1.]), units='height', vertices=ndarray(...), win=Window(...), windingRule=None)
0.0410 	EXP 	RouteTwo: autoLog = True
0.0703 	EXP 	RouteTwo: autoDraw = True
72.0022 	EXP 	SpanishRepeat01_noPedal: autoDraw = True
84.0023 	EXP 	SpanishRepeat01_noPedal: autoDraw = False
131.0024 	EXP 	bikebuddy_SlowRepeat01: autoDraw = True
142.0024 	EXP 	bikebuddy_SlowRepeat01: autoDraw = False
150.0024 	EXP 	bikebuddy_FastRepeat01: autoDraw = True
154.0023 	EXP 	bikebuddy_FastRepeat01: autoDraw = False
1800.2866 	EXP 	RouteTwo: autoDraw = False
1800.2866 	EXP 	RouteTwo: autoDraw = False
1800.2866 	EXP 	SpanishRepeat01_noPedal: autoDraw = False
1800.2866 	EXP 	bikebuddy_SlowRepeat01: autoDraw = False
1800.2866 	EXP 	bikebuddy_FastRepeat01: autoDraw = False
1800.2867 	EXP 	routeTwoExP: status = STOPPED
1800.3015 	EXP 	window1: mouseVisible = True
