22.9922 	EXP 	Created window1 = Window(allowGUI=True, allowStencil=False, autoLog=True, backendConf=UNKNOWN, backgroundFit=<method-wrapper '__getattribute__' of attributeSetter object at 0x000002C3D5D69310>, backgroundImage=<method-wrapper '__getattribute__' of attributeSetter object at 0x000002C3D5D692B0>, bitsMode=UNKNOWN, blendMode='avg', bpc=(8, 8, 8), color=array([0, 0, 0]), colorSpace='rgb', depthBits=8, fullscr=<method-wrapper '__getattribute__' of attributeSetter object at 0x000002C3D5D69100>, gamma=None, gammaErrorPolicy='raise', lms=UNKNOWN, monitor=<psychopy.monitors.calibTools.Monitor object at 0x000002C3D5F6AD90>, multiSample=False, name='window1', numSamples=2, pos=(0, 0), screen=1, size=array([1920, 1080]), stencilBits=0, stereo=False, title='PsychoPy', units='height', useFBO=True, useRetina=False, viewOri=0.0, viewPos=None, viewScale=None, waitBlanking=True, winType='pyglet')
22.9922 	EXP 	window1: mouseVisible = True
22.9922 	EXP 	window1: backgroundImage = ''
22.9922 	EXP 	window1: backgroundFit = 'none'
22.9932 	EXP 	window1: Attempting to measure frame rate of screen (1) ...
22.9933 	EXP 	window1: recordFrameIntervals = False
23.1580 	EXP 	window1: recordFrameIntervals = True
23.3744 	EXP 	Screen (1) actual frame rate measured at 60.02Hz
23.3744 	EXP 	window1: recordFrameIntervals = False
23.3745 	EXP 	window1: mouseVisible = False
25.1606 	EXP 	routeTwoExP: status = STARTED
25.1982 	EXP 	window1: mouseVisible = True
25.8226 	EXP 	window1: mouseVisible = True
25.8247 	EXP 	Created SpanishRepeat01_noPedal = Line(__class__=<class 'psychopy.visual.line.Line'>, anchor=('center', 'center'), autoDraw=False, autoLog=True, closeShape=False, color=array([1., 1., 1.]), colorSpace='rgb', contrast=None, depth=-1.0, draggable=False, fillColor=array([0, 0, 0]), fillColorSpace='rgb', fillRGB=array([0, 0, 0]), interpolate=True, lineColor=array([1., 1., 1.]), lineColorSpace='rgb', lineRGB=array([1, 1, 1]), lineWidth=1.0, name='SpanishRepeat01_noPedal', opacity=0.0, ori=0.0, pos=array([0., 0.]), size=array([1., 1.]), units='height', vertices=ndarray(...), win=Window(...), windingRule=None)
25.8248 	EXP 	window1: mouseVisible = True
25.8260 	EXP 	Created bikebuddy_SlowRepeat01 = Line(__class__=<class 'psychopy.visual.line.Line'>, anchor=('center', 'center'), autoDraw=False, autoLog=True, closeShape=False, color=array([1., 1., 1.]), colorSpace='rgb', contrast=None, depth=-2.0, draggable=False, fillColor=array([0, 0, 0]), fillColorSpace='rgb', fillRGB=array([0, 0, 0]), interpolate=True, lineColor=array([1., 1., 1.]), lineColorSpace='rgb', lineRGB=array([1, 1, 1]), lineWidth=1.0, name='bikebuddy_SlowRepeat01', opacity=0.0, ori=0.0, pos=array([0., 0.]), size=array([1., 1.]), units='height', vertices=ndarray(...), win=Window(...), windingRule=None)
25.8261 	EXP 	window1: mouseVisible = True
25.8274 	EXP 	Created bikebuddy_FastRepeat01 = Line(__class__=<class 'psychopy.visual.line.Line'>, anchor=('center', 'center'), autoDraw=False, autoLog=True, closeShape=False, color=array([1., 1., 1.]), colorSpace='rgb', contrast=None, depth=-3.0, draggable=False, fillColor=array([0, 0, 0]), fillColorSpace='rgb', fillRGB=array([0, 0, 0]), interpolate=True, lineColor=array([1., 1., 1.]), lineColorSpace='rgb', lineRGB=array([1, 1, 1]), lineWidth=1.0, name='bikebuddy_FastRepeat01', opacity=0.0, ori=0.0, pos=array([0., 0.]), size=array([1., 1.]), units='height', vertices=ndarray(...), win=Window(...), windingRule=None)
0.0432 	EXP 	RouteTwo: autoLog = True
0.0642 	EXP 	RouteTwo: autoDraw = True
72.0123 	EXP 	SpanishRepeat01_noPedal: autoDraw = True
84.0124 	EXP 	SpanishRepeat01_noPedal: autoDraw = False
131.0126 	EXP 	bikebuddy_SlowRepeat01: autoDraw = True
142.0125 	EXP 	bikebuddy_SlowRepeat01: autoDraw = False
150.0124 	EXP 	bikebuddy_FastRepeat01: autoDraw = True
154.0124 	EXP 	bikebuddy_FastRepeat01: autoDraw = False
1800.2855 	EXP 	RouteTwo: autoDraw = False
1800.2855 	EXP 	RouteTwo: autoDraw = False
1800.2855 	EXP 	SpanishRepeat01_noPedal: autoDraw = False
1800.2855 	EXP 	bikebuddy_SlowRepeat01: autoDraw = False
1800.2855 	EXP 	bikebuddy_FastRepeat01: autoDraw = False
1800.2856 	EXP 	routeTwoExP: status = STOPPED
1800.3117 	EXP 	window1: mouseVisible = True
