21.6884 	EXP 	Created window1 = Window(allowGUI=True, allowStencil=False, autoLog=True, backendConf=UNKNOWN, backgroundFit=<method-wrapper '__getattribute__' of attributeSetter object at 0x000001D478122D90>, backgroundImage=<method-wrapper '__getattribute__' of attributeSetter object at 0x000001D478122D30>, bitsMode=UNKNOWN, blendMode='avg', bpc=(8, 8, 8), color=array([0, 0, 0]), colorSpace='rgb', depthBits=8, fullscr=<method-wrapper '__getattribute__' of attributeSetter object at 0x000001D478122B50>, gamma=None, gammaErrorPolicy='raise', lms=UNKNOWN, monitor=<psychopy.monitors.calibTools.Monitor object at 0x000001D47D50B7F0>, multiSample=False, name='window1', numSamples=2, pos=(0, 0), screen=1, size=array([1920, 1080]), stencilBits=0, stereo=False, title='PsychoPy', units='height', useFBO=True, useRetina=False, viewOri=0.0, viewPos=None, viewScale=None, waitBlanking=True, winType='pyglet')
21.6885 	EXP 	window1: mouseVisible = True
21.6885 	EXP 	window1: backgroundImage = ''
21.6885 	EXP 	window1: backgroundFit = 'none'
21.6894 	EXP 	window1: Attempting to measure frame rate of screen (1) ...
21.6894 	EXP 	window1: recordFrameIntervals = False
21.8570 	EXP 	window1: recordFrameIntervals = True
22.0548 	EXP 	Screen (1) actual frame rate measured at 60.00Hz
22.0548 	EXP 	window1: recordFrameIntervals = False
22.0549 	EXP 	window1: mouseVisible = False
23.8315 	EXP 	routeFourExP: status = STARTED
23.8683 	EXP 	window1: mouseVisible = True
24.4566 	EXP 	window1: mouseVisible = True
24.4584 	EXP 	Created SpanishRepeat01_noPedal = Line(__class__=<class 'psychopy.visual.line.Line'>, anchor=('center', 'center'), autoDraw=False, autoLog=True, closeShape=False, color=array([1., 1., 1.]), colorSpace='rgb', contrast=None, depth=-1.0, draggable=False, fillColor=array([0, 0, 0]), fillColorSpace='rgb', fillRGB=array([0, 0, 0]), interpolate=True, lineColor=array([1., 1., 1.]), lineColorSpace='rgb', lineRGB=array([1, 1, 1]), lineWidth=1.0, name='SpanishRepeat01_noPedal', opacity=0.0, ori=0.0, pos=array([0., 0.]), size=array([1., 1.]), units='height', vertices=ndarray(...), win=Window(...), windingRule=None)
24.4585 	EXP 	window1: mouseVisible = True
24.4603 	EXP 	Created bikebuddy_SlowRepeat01 = Line(__class__=<class 'psychopy.visual.line.Line'>, anchor=('center', 'center'), autoDraw=False, autoLog=True, closeShape=False, color=array([1., 1., 1.]), colorSpace='rgb', contrast=None, depth=-2.0, draggable=False, fillColor=array([0, 0, 0]), fillColorSpace='rgb', fillRGB=array([0, 0, 0]), interpolate=True, lineColor=array([1., 1., 1.]), lineColorSpace='rgb', lineRGB=array([1, 1, 1]), lineWidth=1.0, name='bikebuddy_SlowRepeat01', opacity=0.0, ori=0.0, pos=array([0., 0.]), size=array([1., 1.]), units='height', vertices=ndarray(...), win=Window(...), windingRule=None)
24.4604 	EXP 	window1: mouseVisible = True
24.4618 	EXP 	Created bikebuddy_FastRepeat01 = Line(__class__=<class 'psychopy.visual.line.Line'>, anchor=('center', 'center'), autoDraw=False, autoLog=True, closeShape=False, color=array([1., 1., 1.]), colorSpace='rgb', contrast=None, depth=-3.0, draggable=False, fillColor=array([0, 0, 0]), fillColorSpace='rgb', fillRGB=array([0, 0, 0]), interpolate=True, lineColor=array([1., 1., 1.]), lineColorSpace='rgb', lineRGB=array([1, 1, 1]), lineWidth=1.0, name='bikebuddy_FastRepeat01', opacity=0.0, ori=0.0, pos=array([0., 0.]), size=array([1., 1.]), units='height', vertices=ndarray(...), win=Window(...), windingRule=None)
0.0411 	EXP 	RouteFour: autoLog = True
0.0595 	EXP 	RouteFour: autoDraw = True
72.0095 	EXP 	SpanishRepeat01_noPedal: autoDraw = True
84.0094 	EXP 	SpanishRepeat01_noPedal: autoDraw = False
131.0095 	EXP 	bikebuddy_SlowRepeat01: autoDraw = True
142.0096 	EXP 	bikebuddy_SlowRepeat01: autoDraw = False
150.0096 	EXP 	bikebuddy_FastRepeat01: autoDraw = True
154.0096 	EXP 	bikebuddy_FastRepeat01: autoDraw = False
1753.2794 	EXP 	RouteFour: autoDraw = False
1753.2794 	EXP 	RouteFour: autoDraw = False
1753.2794 	EXP 	SpanishRepeat01_noPedal: autoDraw = False
1753.2794 	EXP 	bikebuddy_SlowRepeat01: autoDraw = False
1753.2794 	EXP 	bikebuddy_FastRepeat01: autoDraw = False
1753.2795 	EXP 	routeFourExP: status = STOPPED
1753.3775 	EXP 	window1: mouseVisible = True
