65.4051 	EXP 	Created window1 = Window(allowGUI=True, allowStencil=False, autoLog=True, backendConf=UNKNOWN, backgroundFit=<method-wrapper '__getattribute__' of attributeSetter object at 0x000001C5293CFD30>, backgroundImage=<method-wrapper '__getattribute__' of attributeSetter object at 0x000001C5293CFCD0>, bitsMode=UNKNOWN, blendMode='avg', bpc=(8, 8, 8), color=array([0, 0, 0]), colorSpace='rgb', depthBits=8, fullscr=<method-wrapper '__getattribute__' of attributeSetter object at 0x000001C5293CFB50>, gamma=None, gammaErrorPolicy='raise', lms=UNKNOWN, monitor=<psychopy.monitors.calibTools.Monitor object at 0x000001C5294DB370>, multiSample=False, name='window1', numSamples=2, pos=(0, 0), screen=1, size=array([1920, 1080]), stencilBits=0, stereo=False, title='PsychoPy', units='height', useFBO=True, useRetina=False, viewOri=0.0, viewPos=None, viewScale=None, waitBlanking=True, winType='pyglet')
65.4052 	EXP 	window1: mouseVisible = True
65.4052 	EXP 	window1: backgroundImage = ''
65.4052 	EXP 	window1: backgroundFit = 'none'
65.4061 	EXP 	window1: Attempting to measure frame rate of screen (1) ...
65.4062 	EXP 	window1: recordFrameIntervals = False
65.5715 	EXP 	window1: recordFrameIntervals = True
65.7550 	EXP 	Screen (1) actual frame rate measured at 60.00Hz
65.7550 	EXP 	window1: recordFrameIntervals = False
65.7551 	EXP 	window1: mouseVisible = False
67.5104 	EXP 	routeFourExP: status = STARTED
67.5501 	EXP 	window1: mouseVisible = True
68.1596 	EXP 	window1: mouseVisible = True
68.1622 	EXP 	Created SpanishRepeat01_noPedal = Line(__class__=<class 'psychopy.visual.line.Line'>, anchor=('center', 'center'), autoDraw=False, autoLog=True, closeShape=False, color=array([1., 1., 1.]), colorSpace='rgb', contrast=None, depth=-1.0, draggable=False, fillColor=array([0, 0, 0]), fillColorSpace='rgb', fillRGB=array([0, 0, 0]), interpolate=True, lineColor=array([1., 1., 1.]), lineColorSpace='rgb', lineRGB=array([1, 1, 1]), lineWidth=1.0, name='SpanishRepeat01_noPedal', opacity=0.0, ori=0.0, pos=array([0., 0.]), size=array([1., 1.]), units='height', vertices=ndarray(...), win=Window(...), windingRule=None)
68.1623 	EXP 	window1: mouseVisible = True
68.1637 	EXP 	Created bikebuddy_SlowRepeat01 = Line(__class__=<class 'psychopy.visual.line.Line'>, anchor=('center', 'center'), autoDraw=False, autoLog=True, closeShape=False, color=array([1., 1., 1.]), colorSpace='rgb', contrast=None, depth=-2.0, draggable=False, fillColor=array([0, 0, 0]), fillColorSpace='rgb', fillRGB=array([0, 0, 0]), interpolate=True, lineColor=array([1., 1., 1.]), lineColorSpace='rgb', lineRGB=array([1, 1, 1]), lineWidth=1.0, name='bikebuddy_SlowRepeat01', opacity=0.0, ori=0.0, pos=array([0., 0.]), size=array([1., 1.]), units='height', vertices=ndarray(...), win=Window(...), windingRule=None)
68.1638 	EXP 	window1: mouseVisible = True
68.1651 	EXP 	Created bikebuddy_FastRepeat01 = Line(__class__=<class 'psychopy.visual.line.Line'>, anchor=('center', 'center'), autoDraw=False, autoLog=True, closeShape=False, color=array([1., 1., 1.]), colorSpace='rgb', contrast=None, depth=-3.0, draggable=False, fillColor=array([0, 0, 0]), fillColorSpace='rgb', fillRGB=array([0, 0, 0]), interpolate=True, lineColor=array([1., 1., 1.]), lineColorSpace='rgb', lineRGB=array([1, 1, 1]), lineWidth=1.0, name='bikebuddy_FastRepeat01', opacity=0.0, ori=0.0, pos=array([0., 0.]), size=array([1., 1.]), units='height', vertices=ndarray(...), win=Window(...), windingRule=None)
0.0439 	EXP 	RouteFour: autoLog = True
0.0566 	EXP 	RouteFour: autoDraw = True
72.0080 	EXP 	SpanishRepeat01_noPedal: autoDraw = True
84.0271 	EXP 	SpanishRepeat01_noPedal: autoDraw = False
131.0066 	EXP 	bikebuddy_SlowRepeat01: autoDraw = True
142.0067 	EXP 	bikebuddy_SlowRepeat01: autoDraw = False
150.0068 	EXP 	bikebuddy_FastRepeat01: autoDraw = True
154.0067 	EXP 	bikebuddy_FastRepeat01: autoDraw = False
1753.2677 	EXP 	RouteFour: autoDraw = False
1753.2677 	EXP 	RouteFour: autoDraw = False
1753.2677 	EXP 	SpanishRepeat01_noPedal: autoDraw = False
1753.2677 	EXP 	bikebuddy_SlowRepeat01: autoDraw = False
1753.2677 	EXP 	bikebuddy_FastRepeat01: autoDraw = False
1753.2677 	EXP 	routeFourExP: status = STOPPED
1753.2838 	EXP 	window1: mouseVisible = True
