27.5123 	EXP 	Created window1 = Window(allowGUI=True, allowStencil=False, autoLog=True, backendConf=UNKNOWN, backgroundFit=<method-wrapper '__getattribute__' of attributeSetter object at 0x00000229800E86D0>, backgroundImage=<method-wrapper '__getattribute__' of attributeSetter object at 0x00000229800E8670>, bitsMode=UNKNOWN, blendMode='avg', bpc=(8, 8, 8), color=array([0, 0, 0]), colorSpace='rgb', depthBits=8, fullscr=<method-wrapper '__getattribute__' of attributeSetter object at 0x00000229800E84F0>, gamma=None, gammaErrorPolicy='raise', lms=UNKNOWN, monitor=<psychopy.monitors.calibTools.Monitor object at 0x000002298036E190>, multiSample=False, name='window1', numSamples=2, pos=(0, 0), screen=1, size=array([1920, 1080]), stencilBits=0, stereo=False, title='PsychoPy', units='height', useFBO=True, useRetina=False, viewOri=0.0, viewPos=None, viewScale=None, waitBlanking=True, winType='pyglet')
27.5124 	EXP 	window1: mouseVisible = True
27.5124 	EXP 	window1: backgroundImage = ''
27.5124 	EXP 	window1: backgroundFit = 'none'
27.5133 	EXP 	window1: Attempting to measure frame rate of screen (1) ...
27.5133 	EXP 	window1: recordFrameIntervals = False
27.6787 	EXP 	window1: recordFrameIntervals = True
27.8623 	EXP 	Screen (1) actual frame rate measured at 59.91Hz
27.8623 	EXP 	window1: recordFrameIntervals = False
27.8624 	EXP 	window1: mouseVisible = False
29.6329 	EXP 	routeThreeExP: status = STARTED
29.6693 	EXP 	window1: mouseVisible = True
30.2371 	EXP 	window1: mouseVisible = True
30.2397 	EXP 	Created SpanishRepeat01_noPedal = Line(__class__=<class 'psychopy.visual.line.Line'>, anchor=('center', 'center'), autoDraw=False, autoLog=True, closeShape=False, color=array([1., 1., 1.]), colorSpace='rgb', contrast=None, depth=-1.0, draggable=False, fillColor=array([0, 0, 0]), fillColorSpace='rgb', fillRGB=array([0, 0, 0]), interpolate=True, lineColor=array([1., 1., 1.]), lineColorSpace='rgb', lineRGB=array([1, 1, 1]), lineWidth=1.0, name='SpanishRepeat01_noPedal', opacity=0.0, ori=0.0, pos=array([0., 0.]), size=array([1., 1.]), units='height', vertices=ndarray(...), win=Window(...), windingRule=None)
30.2398 	EXP 	window1: mouseVisible = True
30.2413 	EXP 	Created bikebuddy_SlowRepeat01 = Line(__class__=<class 'psychopy.visual.line.Line'>, anchor=('center', 'center'), autoDraw=False, autoLog=True, closeShape=False, color=array([1., 1., 1.]), colorSpace='rgb', contrast=None, depth=-2.0, draggable=False, fillColor=array([0, 0, 0]), fillColorSpace='rgb', fillRGB=array([0, 0, 0]), interpolate=True, lineColor=array([1., 1., 1.]), lineColorSpace='rgb', lineRGB=array([1, 1, 1]), lineWidth=1.0, name='bikebuddy_SlowRepeat01', opacity=0.0, ori=0.0, pos=array([0., 0.]), size=array([1., 1.]), units='height', vertices=ndarray(...), win=Window(...), windingRule=None)
30.2414 	EXP 	window1: mouseVisible = True
30.2426 	EXP 	Created bikebuddy_FastRepeat01 = Line(__class__=<class 'psychopy.visual.line.Line'>, anchor=('center', 'center'), autoDraw=False, autoLog=True, closeShape=False, color=array([1., 1., 1.]), colorSpace='rgb', contrast=None, depth=-3.0, draggable=False, fillColor=array([0, 0, 0]), fillColorSpace='rgb', fillRGB=array([0, 0, 0]), interpolate=True, lineColor=array([1., 1., 1.]), lineColorSpace='rgb', lineRGB=array([1, 1, 1]), lineWidth=1.0, name='bikebuddy_FastRepeat01', opacity=0.0, ori=0.0, pos=array([0., 0.]), size=array([1., 1.]), units='height', vertices=ndarray(...), win=Window(...), windingRule=None)
0.0414 	EXP 	RouteThree: autoLog = True
0.0715 	EXP 	RouteThree: autoDraw = True
72.0027 	EXP 	SpanishRepeat01_noPedal: autoDraw = True
84.0027 	EXP 	SpanishRepeat01_noPedal: autoDraw = False
131.0031 	EXP 	bikebuddy_SlowRepeat01: autoDraw = True
142.0028 	EXP 	bikebuddy_SlowRepeat01: autoDraw = False
150.0027 	EXP 	bikebuddy_FastRepeat01: autoDraw = True
154.0028 	EXP 	bikebuddy_FastRepeat01: autoDraw = False
1727.2915 	EXP 	RouteThree: autoDraw = False
1727.2915 	EXP 	RouteThree: autoDraw = False
1727.2915 	EXP 	SpanishRepeat01_noPedal: autoDraw = False
1727.2915 	EXP 	bikebuddy_SlowRepeat01: autoDraw = False
1727.2915 	EXP 	bikebuddy_FastRepeat01: autoDraw = False
1727.2915 	EXP 	routeThreeExP: status = STOPPED
1727.3779 	EXP 	window1: mouseVisible = True
