24.6997 	EXP 	Created window1 = Window(allowGUI=True, allowStencil=False, autoLog=True, backendConf=UNKNOWN, backgroundFit=<method-wrapper '__getattribute__' of attributeSetter object at 0x000001E4E54C4490>, backgroundImage=<method-wrapper '__getattribute__' of attributeSetter object at 0x000001E4E54C4430>, bitsMode=UNKNOWN, blendMode='avg', bpc=(8, 8, 8), color=array([0, 0, 0]), colorSpace='rgb', depthBits=8, fullscr=<method-wrapper '__getattribute__' of attributeSetter object at 0x000001E4E54C42B0>, gamma=None, gammaErrorPolicy='raise', lms=UNKNOWN, monitor=<psychopy.monitors.calibTools.Monitor object at 0x000001E4E56C7FA0>, multiSample=False, name='window1', numSamples=2, pos=(0, 0), screen=1, size=array([1920, 1080]), stencilBits=0, stereo=False, title='PsychoPy', units='height', useFBO=True, useRetina=False, viewOri=0.0, viewPos=None, viewScale=None, waitBlanking=True, winType='pyglet')
24.6997 	EXP 	window1: mouseVisible = True
24.6997 	EXP 	window1: backgroundImage = ''
24.6997 	EXP 	window1: backgroundFit = 'none'
24.7005 	EXP 	window1: Attempting to measure frame rate of screen (1) ...
24.7005 	EXP 	window1: recordFrameIntervals = False
24.8662 	EXP 	window1: recordFrameIntervals = True
25.0495 	EXP 	Screen (1) actual frame rate measured at 60.02Hz
25.0495 	EXP 	window1: recordFrameIntervals = False
25.0496 	EXP 	window1: mouseVisible = False
26.8276 	EXP 	routeThreeExP: status = STARTED
26.8695 	EXP 	window1: mouseVisible = True
27.4382 	EXP 	window1: mouseVisible = True
27.4406 	EXP 	Created SpanishRepeat01_noPedal = Line(__class__=<class 'psychopy.visual.line.Line'>, anchor=('center', 'center'), autoDraw=False, autoLog=True, closeShape=False, color=array([1., 1., 1.]), colorSpace='rgb', contrast=None, depth=-1.0, draggable=False, fillColor=array([0, 0, 0]), fillColorSpace='rgb', fillRGB=array([0, 0, 0]), interpolate=True, lineColor=array([1., 1., 1.]), lineColorSpace='rgb', lineRGB=array([1, 1, 1]), lineWidth=1.0, name='SpanishRepeat01_noPedal', opacity=0.0, ori=0.0, pos=array([0., 0.]), size=array([1., 1.]), units='height', vertices=ndarray(...), win=Window(...), windingRule=None)
27.4407 	EXP 	window1: mouseVisible = True
27.4420 	EXP 	Created bikebuddy_SlowRepeat01 = Line(__class__=<class 'psychopy.visual.line.Line'>, anchor=('center', 'center'), autoDraw=False, autoLog=True, closeShape=False, color=array([1., 1., 1.]), colorSpace='rgb', contrast=None, depth=-2.0, draggable=False, fillColor=array([0, 0, 0]), fillColorSpace='rgb', fillRGB=array([0, 0, 0]), interpolate=True, lineColor=array([1., 1., 1.]), lineColorSpace='rgb', lineRGB=array([1, 1, 1]), lineWidth=1.0, name='bikebuddy_SlowRepeat01', opacity=0.0, ori=0.0, pos=array([0., 0.]), size=array([1., 1.]), units='height', vertices=ndarray(...), win=Window(...), windingRule=None)
27.4420 	EXP 	window1: mouseVisible = True
27.4431 	EXP 	Created bikebuddy_FastRepeat01 = Line(__class__=<class 'psychopy.visual.line.Line'>, anchor=('center', 'center'), autoDraw=False, autoLog=True, closeShape=False, color=array([1., 1., 1.]), colorSpace='rgb', contrast=None, depth=-3.0, draggable=False, fillColor=array([0, 0, 0]), fillColorSpace='rgb', fillRGB=array([0, 0, 0]), interpolate=True, lineColor=array([1., 1., 1.]), lineColorSpace='rgb', lineRGB=array([1, 1, 1]), lineWidth=1.0, name='bikebuddy_FastRepeat01', opacity=0.0, ori=0.0, pos=array([0., 0.]), size=array([1., 1.]), units='height', vertices=ndarray(...), win=Window(...), windingRule=None)
0.0475 	EXP 	RouteThree: autoLog = True
0.0731 	EXP 	RouteThree: autoDraw = True
72.0066 	EXP 	SpanishRepeat01_noPedal: autoDraw = True
84.0067 	EXP 	SpanishRepeat01_noPedal: autoDraw = False
131.0066 	EXP 	bikebuddy_SlowRepeat01: autoDraw = True
142.0067 	EXP 	bikebuddy_SlowRepeat01: autoDraw = False
150.0067 	EXP 	bikebuddy_FastRepeat01: autoDraw = True
154.0067 	EXP 	bikebuddy_FastRepeat01: autoDraw = False
1797.8787 	DATA 	Keypress: space
1797.9120 	DATA 	Keypress: space
1978.4625 	DATA 	Keypress: escape
1978.5957 	EXP 	routeThreeExP: status = STOPPED
1978.6110 	EXP 	RouteThree: autoDraw = False
1978.6111 	EXP 	routeThreeExP: status = STOPPED
1978.7037 	EXP 	window1: mouseVisible = True
