15.3137 	EXP 	Created window1 = Window(allowGUI=True, allowStencil=False, autoLog=True, backendConf=UNKNOWN, backgroundFit=<method-wrapper '__getattribute__' of attributeSetter object at 0x0000020B8459ED30>, backgroundImage=<method-wrapper '__getattribute__' of attributeSetter object at 0x0000020B8459E9D0>, bitsMode=UNKNOWN, blendMode='avg', bpc=(8, 8, 8), color=array([0, 0, 0]), colorSpace='rgb', depthBits=8, fullscr=<method-wrapper '__getattribute__' of attributeSetter object at 0x0000020B8459EB50>, gamma=None, gammaErrorPolicy='raise', lms=UNKNOWN, monitor=<psychopy.monitors.calibTools.Monitor object at 0x0000020B8486B550>, multiSample=False, name='window1', numSamples=2, pos=(0, 0), screen=1, size=array([1920, 1080]), stencilBits=0, stereo=False, title='PsychoPy', units='height', useFBO=True, useRetina=False, viewOri=0.0, viewPos=None, viewScale=None, waitBlanking=True, winType='pyglet')
15.3137 	EXP 	window1: mouseVisible = True
15.3137 	EXP 	window1: backgroundImage = ''
15.3137 	EXP 	window1: backgroundFit = 'none'
15.3146 	EXP 	window1: Attempting to measure frame rate of screen (1) ...
15.3147 	EXP 	window1: recordFrameIntervals = False
15.4809 	EXP 	window1: recordFrameIntervals = True
15.6633 	EXP 	Screen (1) actual frame rate measured at 60.00Hz
15.6634 	EXP 	window1: recordFrameIntervals = False
15.6634 	EXP 	window1: mouseVisible = False
17.4123 	EXP 	routeThreeExP: status = STARTED
17.4471 	EXP 	window1: mouseVisible = True
18.0602 	EXP 	window1: mouseVisible = True
18.0628 	EXP 	Created SpanishRepeat01_noPedal = Line(__class__=<class 'psychopy.visual.line.Line'>, anchor=('center', 'center'), autoDraw=False, autoLog=True, closeShape=False, color=array([1., 1., 1.]), colorSpace='rgb', contrast=None, depth=-1.0, draggable=False, fillColor=array([0, 0, 0]), fillColorSpace='rgb', fillRGB=array([0, 0, 0]), interpolate=True, lineColor=array([1., 1., 1.]), lineColorSpace='rgb', lineRGB=array([1, 1, 1]), lineWidth=1.0, name='SpanishRepeat01_noPedal', opacity=0.0, ori=0.0, pos=array([0., 0.]), size=array([1., 1.]), units='height', vertices=ndarray(...), win=Window(...), windingRule=None)
18.0629 	EXP 	window1: mouseVisible = True
18.0641 	EXP 	Created bikebuddy_SlowRepeat01 = Line(__class__=<class 'psychopy.visual.line.Line'>, anchor=('center', 'center'), autoDraw=False, autoLog=True, closeShape=False, color=array([1., 1., 1.]), colorSpace='rgb', contrast=None, depth=-2.0, draggable=False, fillColor=array([0, 0, 0]), fillColorSpace='rgb', fillRGB=array([0, 0, 0]), interpolate=True, lineColor=array([1., 1., 1.]), lineColorSpace='rgb', lineRGB=array([1, 1, 1]), lineWidth=1.0, name='bikebuddy_SlowRepeat01', opacity=0.0, ori=0.0, pos=array([0., 0.]), size=array([1., 1.]), units='height', vertices=ndarray(...), win=Window(...), windingRule=None)
18.0642 	EXP 	window1: mouseVisible = True
18.0654 	EXP 	Created bikebuddy_FastRepeat01 = Line(__class__=<class 'psychopy.visual.line.Line'>, anchor=('center', 'center'), autoDraw=False, autoLog=True, closeShape=False, color=array([1., 1., 1.]), colorSpace='rgb', contrast=None, depth=-3.0, draggable=False, fillColor=array([0, 0, 0]), fillColorSpace='rgb', fillRGB=array([0, 0, 0]), interpolate=True, lineColor=array([1., 1., 1.]), lineColorSpace='rgb', lineRGB=array([1, 1, 1]), lineWidth=1.0, name='bikebuddy_FastRepeat01', opacity=0.0, ori=0.0, pos=array([0., 0.]), size=array([1., 1.]), units='height', vertices=ndarray(...), win=Window(...), windingRule=None)
0.0459 	EXP 	RouteThree: autoLog = True
0.1003 	EXP 	RouteThree: autoDraw = True
72.0146 	EXP 	SpanishRepeat01_noPedal: autoDraw = True
84.0144 	EXP 	SpanishRepeat01_noPedal: autoDraw = False
131.0145 	EXP 	bikebuddy_SlowRepeat01: autoDraw = True
142.0145 	EXP 	bikebuddy_SlowRepeat01: autoDraw = False
150.0145 	EXP 	bikebuddy_FastRepeat01: autoDraw = True
154.0147 	EXP 	bikebuddy_FastRepeat01: autoDraw = False
1727.3188 	EXP 	RouteThree: autoDraw = False
1727.3188 	EXP 	RouteThree: autoDraw = False
1727.3188 	EXP 	SpanishRepeat01_noPedal: autoDraw = False
1727.3188 	EXP 	bikebuddy_SlowRepeat01: autoDraw = False
1727.3188 	EXP 	bikebuddy_FastRepeat01: autoDraw = False
1727.3189 	EXP 	routeThreeExP: status = STOPPED
1727.4178 	EXP 	window1: mouseVisible = True
