25.5970 	EXP 	Created window1 = Window(allowGUI=True, allowStencil=False, autoLog=True, backendConf=UNKNOWN, backgroundFit=<method-wrapper '__getattribute__' of attributeSetter object at 0x000001C63A208700>, backgroundImage=<method-wrapper '__getattribute__' of attributeSetter object at 0x000001C63A2086A0>, bitsMode=UNKNOWN, blendMode='avg', bpc=(8, 8, 8), color=array([0, 0, 0]), colorSpace='rgb', depthBits=8, fullscr=<method-wrapper '__getattribute__' of attributeSetter object at 0x000001C63A208520>, gamma=None, gammaErrorPolicy='raise', lms=UNKNOWN, monitor=<psychopy.monitors.calibTools.Monitor object at 0x000001C63A40F1C0>, multiSample=False, name='window1', numSamples=2, pos=(0, 0), screen=1, size=array([1920, 1080]), stencilBits=0, stereo=False, title='PsychoPy', units='height', useFBO=True, useRetina=False, viewOri=0.0, viewPos=None, viewScale=None, waitBlanking=True, winType='pyglet')
25.5971 	EXP 	window1: mouseVisible = True
25.5971 	EXP 	window1: backgroundImage = ''
25.5971 	EXP 	window1: backgroundFit = 'none'
25.5979 	EXP 	window1: Attempting to measure frame rate of screen (1) ...
25.5980 	EXP 	window1: recordFrameIntervals = False
25.7635 	EXP 	window1: recordFrameIntervals = True
25.9468 	EXP 	Screen (1) actual frame rate measured at 59.99Hz
25.9468 	EXP 	window1: recordFrameIntervals = False
25.9469 	EXP 	window1: mouseVisible = False
27.6827 	EXP 	routeThreeExP: status = STARTED
27.7160 	EXP 	window1: mouseVisible = True
28.2085 	EXP 	window1: mouseVisible = True
28.2100 	EXP 	Created SpanishRepeat01_noPedal = Line(__class__=<class 'psychopy.visual.line.Line'>, anchor=('center', 'center'), autoDraw=False, autoLog=True, closeShape=False, color=array([1., 1., 1.]), colorSpace='rgb', contrast=None, depth=-1.0, draggable=False, fillColor=array([0, 0, 0]), fillColorSpace='rgb', fillRGB=array([0, 0, 0]), interpolate=True, lineColor=array([1., 1., 1.]), lineColorSpace='rgb', lineRGB=array([1, 1, 1]), lineWidth=1.0, name='SpanishRepeat01_noPedal', opacity=0.0, ori=0.0, pos=array([0., 0.]), size=array([1., 1.]), units='height', vertices=ndarray(...), win=Window(...), windingRule=None)
28.2101 	EXP 	window1: mouseVisible = True
28.2115 	EXP 	Created bikebuddy_SlowRepeat01 = Line(__class__=<class 'psychopy.visual.line.Line'>, anchor=('center', 'center'), autoDraw=False, autoLog=True, closeShape=False, color=array([1., 1., 1.]), colorSpace='rgb', contrast=None, depth=-2.0, draggable=False, fillColor=array([0, 0, 0]), fillColorSpace='rgb', fillRGB=array([0, 0, 0]), interpolate=True, lineColor=array([1., 1., 1.]), lineColorSpace='rgb', lineRGB=array([1, 1, 1]), lineWidth=1.0, name='bikebuddy_SlowRepeat01', opacity=0.0, ori=0.0, pos=array([0., 0.]), size=array([1., 1.]), units='height', vertices=ndarray(...), win=Window(...), windingRule=None)
28.2116 	EXP 	window1: mouseVisible = True
28.2127 	EXP 	Created bikebuddy_FastRepeat01 = Line(__class__=<class 'psychopy.visual.line.Line'>, anchor=('center', 'center'), autoDraw=False, autoLog=True, closeShape=False, color=array([1., 1., 1.]), colorSpace='rgb', contrast=None, depth=-3.0, draggable=False, fillColor=array([0, 0, 0]), fillColorSpace='rgb', fillRGB=array([0, 0, 0]), interpolate=True, lineColor=array([1., 1., 1.]), lineColorSpace='rgb', lineRGB=array([1, 1, 1]), lineWidth=1.0, name='bikebuddy_FastRepeat01', opacity=0.0, ori=0.0, pos=array([0., 0.]), size=array([1., 1.]), units='height', vertices=ndarray(...), win=Window(...), windingRule=None)
0.0495 	EXP 	RouteThree: autoLog = True
0.0843 	EXP 	RouteThree: autoDraw = True
72.0020 	EXP 	SpanishRepeat01_noPedal: autoDraw = True
84.0175 	EXP 	SpanishRepeat01_noPedal: autoDraw = False
131.0009 	EXP 	bikebuddy_SlowRepeat01: autoDraw = True
142.0029 	EXP 	bikebuddy_SlowRepeat01: autoDraw = False
150.0011 	EXP 	bikebuddy_FastRepeat01: autoDraw = True
154.0011 	EXP 	bikebuddy_FastRepeat01: autoDraw = False
1727.3049 	EXP 	RouteThree: autoDraw = False
1727.3049 	EXP 	RouteThree: autoDraw = False
1727.3049 	EXP 	SpanishRepeat01_noPedal: autoDraw = False
1727.3049 	EXP 	bikebuddy_SlowRepeat01: autoDraw = False
1727.3049 	EXP 	bikebuddy_FastRepeat01: autoDraw = False
1727.3051 	EXP 	routeThreeExP: status = STOPPED
1727.4127 	EXP 	window1: mouseVisible = True
