161.8482 	EXP 	Created window1 = Window(allowGUI=True, allowStencil=False, autoLog=True, backendConf=UNKNOWN, backgroundFit=<method-wrapper '__getattribute__' of attributeSetter object at 0x0000015948276D00>, backgroundImage=<method-wrapper '__getattribute__' of attributeSetter object at 0x0000015948276CA0>, bitsMode=UNKNOWN, blendMode='avg', bpc=(8, 8, 8), color=array([0, 0, 0]), colorSpace='rgb', depthBits=8, fullscr=<method-wrapper '__getattribute__' of attributeSetter object at 0x0000015948276B20>, gamma=None, gammaErrorPolicy='raise', lms=UNKNOWN, monitor=<psychopy.monitors.calibTools.Monitor object at 0x000001594D61E430>, multiSample=False, name='window1', numSamples=2, pos=(0, 0), screen=1, size=array([1920, 1080]), stencilBits=0, stereo=False, title='PsychoPy', units='height', useFBO=True, useRetina=False, viewOri=0.0, viewPos=None, viewScale=None, waitBlanking=True, winType='pyglet')
161.8482 	EXP 	window1: mouseVisible = True
161.8483 	EXP 	window1: backgroundImage = ''
161.8483 	EXP 	window1: backgroundFit = 'none'
161.8491 	EXP 	window1: Attempting to measure frame rate of screen (1) ...
161.8491 	EXP 	window1: recordFrameIntervals = False
162.0146 	EXP 	window1: recordFrameIntervals = True
162.1981 	EXP 	Screen (1) actual frame rate measured at 59.99Hz
162.1981 	EXP 	window1: recordFrameIntervals = False
162.1982 	EXP 	window1: mouseVisible = False
166.0664 	EXP 	routeThreeExP: status = STARTED
166.1042 	EXP 	window1: mouseVisible = True
168.6942 	EXP 	window1: mouseVisible = True
168.6966 	EXP 	Created SpanishRepeat01_noPedal = Line(__class__=<class 'psychopy.visual.line.Line'>, anchor=('center', 'center'), autoDraw=False, autoLog=True, closeShape=False, color=array([1., 1., 1.]), colorSpace='rgb', contrast=None, depth=-1.0, draggable=False, fillColor=array([0, 0, 0]), fillColorSpace='rgb', fillRGB=array([0, 0, 0]), interpolate=True, lineColor=array([1., 1., 1.]), lineColorSpace='rgb', lineRGB=array([1, 1, 1]), lineWidth=1.0, name='SpanishRepeat01_noPedal', opacity=0.0, ori=0.0, pos=array([0., 0.]), size=array([1., 1.]), units='height', vertices=ndarray(...), win=Window(...), windingRule=None)
168.6967 	EXP 	window1: mouseVisible = True
168.6979 	EXP 	Created bikebuddy_SlowRepeat01 = Line(__class__=<class 'psychopy.visual.line.Line'>, anchor=('center', 'center'), autoDraw=False, autoLog=True, closeShape=False, color=array([1., 1., 1.]), colorSpace='rgb', contrast=None, depth=-2.0, draggable=False, fillColor=array([0, 0, 0]), fillColorSpace='rgb', fillRGB=array([0, 0, 0]), interpolate=True, lineColor=array([1., 1., 1.]), lineColorSpace='rgb', lineRGB=array([1, 1, 1]), lineWidth=1.0, name='bikebuddy_SlowRepeat01', opacity=0.0, ori=0.0, pos=array([0., 0.]), size=array([1., 1.]), units='height', vertices=ndarray(...), win=Window(...), windingRule=None)
168.6980 	EXP 	window1: mouseVisible = True
168.6991 	EXP 	Created bikebuddy_FastRepeat01 = Line(__class__=<class 'psychopy.visual.line.Line'>, anchor=('center', 'center'), autoDraw=False, autoLog=True, closeShape=False, color=array([1., 1., 1.]), colorSpace='rgb', contrast=None, depth=-3.0, draggable=False, fillColor=array([0, 0, 0]), fillColorSpace='rgb', fillRGB=array([0, 0, 0]), interpolate=True, lineColor=array([1., 1., 1.]), lineColorSpace='rgb', lineRGB=array([1, 1, 1]), lineWidth=1.0, name='bikebuddy_FastRepeat01', opacity=0.0, ori=0.0, pos=array([0., 0.]), size=array([1., 1.]), units='height', vertices=ndarray(...), win=Window(...), windingRule=None)
0.0422 	EXP 	RouteThree: autoLog = True
0.0704 	EXP 	RouteThree: autoDraw = True
72.0165 	EXP 	SpanishRepeat01_noPedal: autoDraw = True
84.0157 	EXP 	SpanishRepeat01_noPedal: autoDraw = False
131.0156 	EXP 	bikebuddy_SlowRepeat01: autoDraw = True
142.0174 	EXP 	bikebuddy_SlowRepeat01: autoDraw = False
150.0156 	EXP 	bikebuddy_FastRepeat01: autoDraw = True
154.0156 	EXP 	bikebuddy_FastRepeat01: autoDraw = False
1727.3168 	EXP 	RouteThree: autoDraw = False
1727.3168 	EXP 	RouteThree: autoDraw = False
1727.3168 	EXP 	SpanishRepeat01_noPedal: autoDraw = False
1727.3168 	EXP 	bikebuddy_SlowRepeat01: autoDraw = False
1727.3168 	EXP 	bikebuddy_FastRepeat01: autoDraw = False
1727.3169 	EXP 	routeThreeExP: status = STOPPED
1727.4067 	EXP 	window1: mouseVisible = True
