18.0687 	EXP 	Created window1 = Window(allowGUI=True, allowStencil=False, autoLog=True, backendConf=UNKNOWN, backgroundFit=<method-wrapper '__getattribute__' of attributeSetter object at 0x0000023E8D947790>, backgroundImage=<method-wrapper '__getattribute__' of attributeSetter object at 0x0000023E8D947730>, bitsMode=UNKNOWN, blendMode='avg', bpc=(8, 8, 8), color=array([0, 0, 0]), colorSpace='rgb', depthBits=8, fullscr=<method-wrapper '__getattribute__' of attributeSetter object at 0x0000023E8D9475B0>, gamma=None, gammaErrorPolicy='raise', lms=UNKNOWN, monitor=<psychopy.monitors.calibTools.Monitor object at 0x0000023E92CDC2B0>, multiSample=False, name='window1', numSamples=2, pos=(0, 0), screen=1, size=array([1920, 1080]), stencilBits=0, stereo=False, title='PsychoPy', units='height', useFBO=True, useRetina=False, viewOri=0.0, viewPos=None, viewScale=None, waitBlanking=True, winType='pyglet')
18.0688 	EXP 	window1: mouseVisible = True
18.0688 	EXP 	window1: backgroundImage = ''
18.0688 	EXP 	window1: backgroundFit = 'none'
18.0697 	EXP 	window1: Attempting to measure frame rate of screen (1) ...
18.0697 	EXP 	window1: recordFrameIntervals = False
18.2351 	EXP 	window1: recordFrameIntervals = True
18.4181 	EXP 	Screen (1) actual frame rate measured at 60.28Hz
18.4181 	EXP 	window1: recordFrameIntervals = False
18.4182 	EXP 	window1: mouseVisible = False
20.1608 	EXP 	routeThreeExP: status = STARTED
20.1987 	EXP 	window1: mouseVisible = True
20.7889 	EXP 	window1: mouseVisible = True
20.7912 	EXP 	Created SpanishRepeat01_noPedal = Line(__class__=<class 'psychopy.visual.line.Line'>, anchor=('center', 'center'), autoDraw=False, autoLog=True, closeShape=False, color=array([1., 1., 1.]), colorSpace='rgb', contrast=None, depth=-1.0, draggable=False, fillColor=array([0, 0, 0]), fillColorSpace='rgb', fillRGB=array([0, 0, 0]), interpolate=True, lineColor=array([1., 1., 1.]), lineColorSpace='rgb', lineRGB=array([1, 1, 1]), lineWidth=1.0, name='SpanishRepeat01_noPedal', opacity=0.0, ori=0.0, pos=array([0., 0.]), size=array([1., 1.]), units='height', vertices=ndarray(...), win=Window(...), windingRule=None)
20.7913 	EXP 	window1: mouseVisible = True
20.7927 	EXP 	Created bikebuddy_SlowRepeat01 = Line(__class__=<class 'psychopy.visual.line.Line'>, anchor=('center', 'center'), autoDraw=False, autoLog=True, closeShape=False, color=array([1., 1., 1.]), colorSpace='rgb', contrast=None, depth=-2.0, draggable=False, fillColor=array([0, 0, 0]), fillColorSpace='rgb', fillRGB=array([0, 0, 0]), interpolate=True, lineColor=array([1., 1., 1.]), lineColorSpace='rgb', lineRGB=array([1, 1, 1]), lineWidth=1.0, name='bikebuddy_SlowRepeat01', opacity=0.0, ori=0.0, pos=array([0., 0.]), size=array([1., 1.]), units='height', vertices=ndarray(...), win=Window(...), windingRule=None)
20.7928 	EXP 	window1: mouseVisible = True
20.7939 	EXP 	Created bikebuddy_FastRepeat01 = Line(__class__=<class 'psychopy.visual.line.Line'>, anchor=('center', 'center'), autoDraw=False, autoLog=True, closeShape=False, color=array([1., 1., 1.]), colorSpace='rgb', contrast=None, depth=-3.0, draggable=False, fillColor=array([0, 0, 0]), fillColorSpace='rgb', fillRGB=array([0, 0, 0]), interpolate=True, lineColor=array([1., 1., 1.]), lineColorSpace='rgb', lineRGB=array([1, 1, 1]), lineWidth=1.0, name='bikebuddy_FastRepeat01', opacity=0.0, ori=0.0, pos=array([0., 0.]), size=array([1., 1.]), units='height', vertices=ndarray(...), win=Window(...), windingRule=None)
0.0427 	EXP 	RouteThree: autoLog = True
0.0599 	EXP 	RouteThree: autoDraw = True
72.0092 	EXP 	SpanishRepeat01_noPedal: autoDraw = True
84.0239 	EXP 	SpanishRepeat01_noPedal: autoDraw = False
131.0078 	EXP 	bikebuddy_SlowRepeat01: autoDraw = True
142.0072 	EXP 	bikebuddy_SlowRepeat01: autoDraw = False
150.0081 	EXP 	bikebuddy_FastRepeat01: autoDraw = True
154.0083 	EXP 	bikebuddy_FastRepeat01: autoDraw = False
1727.2917 	EXP 	RouteThree: autoDraw = False
1727.2917 	EXP 	RouteThree: autoDraw = False
1727.2917 	EXP 	SpanishRepeat01_noPedal: autoDraw = False
1727.2917 	EXP 	bikebuddy_SlowRepeat01: autoDraw = False
1727.2917 	EXP 	bikebuddy_FastRepeat01: autoDraw = False
1727.2918 	EXP 	routeThreeExP: status = STOPPED
1727.3745 	EXP 	window1: mouseVisible = True
