28.5683 	EXP 	Created window1 = Window(allowGUI=True, allowStencil=False, autoLog=True, backendConf=UNKNOWN, backgroundFit=<method-wrapper '__getattribute__' of attributeSetter object at 0x000001DD4AAB7C40>, backgroundImage=<method-wrapper '__getattribute__' of attributeSetter object at 0x000001DD4AAB7BE0>, bitsMode=UNKNOWN, blendMode='avg', bpc=(8, 8, 8), color=array([0, 0, 0]), colorSpace='rgb', depthBits=8, fullscr=<method-wrapper '__getattribute__' of attributeSetter object at 0x000001DD4AAB7A00>, gamma=None, gammaErrorPolicy='raise', lms=UNKNOWN, monitor=<psychopy.monitors.calibTools.Monitor object at 0x000001DD4AC0E6A0>, multiSample=False, name='window1', numSamples=2, pos=(0, 0), screen=1, size=array([1920, 1080]), stencilBits=0, stereo=False, title='PsychoPy', units='height', useFBO=True, useRetina=False, viewOri=0.0, viewPos=None, viewScale=None, waitBlanking=True, winType='pyglet')
28.5683 	EXP 	window1: mouseVisible = True
28.5684 	EXP 	window1: backgroundImage = ''
28.5684 	EXP 	window1: backgroundFit = 'none'
28.5692 	EXP 	window1: Attempting to measure frame rate of screen (1) ...
28.5692 	EXP 	window1: recordFrameIntervals = False
28.7345 	EXP 	window1: recordFrameIntervals = True
28.9182 	EXP 	Screen (1) actual frame rate measured at 59.91Hz
28.9183 	EXP 	window1: recordFrameIntervals = False
28.9183 	EXP 	window1: mouseVisible = False
30.5841 	EXP 	routeThreeExP: status = STARTED
30.6236 	EXP 	window1: mouseVisible = True
31.2333 	EXP 	window1: mouseVisible = True
31.2352 	EXP 	Created SpanishRepeat01_noPedal = Line(__class__=<class 'psychopy.visual.line.Line'>, anchor=('center', 'center'), autoDraw=False, autoLog=True, closeShape=False, color=array([1., 1., 1.]), colorSpace='rgb', contrast=None, depth=-1.0, draggable=False, fillColor=array([0, 0, 0]), fillColorSpace='rgb', fillRGB=array([0, 0, 0]), interpolate=True, lineColor=array([1., 1., 1.]), lineColorSpace='rgb', lineRGB=array([1, 1, 1]), lineWidth=1.0, name='SpanishRepeat01_noPedal', opacity=0.0, ori=0.0, pos=array([0., 0.]), size=array([1., 1.]), units='height', vertices=ndarray(...), win=Window(...), windingRule=None)
31.2353 	EXP 	window1: mouseVisible = True
31.2366 	EXP 	Created bikebuddy_SlowRepeat01 = Line(__class__=<class 'psychopy.visual.line.Line'>, anchor=('center', 'center'), autoDraw=False, autoLog=True, closeShape=False, color=array([1., 1., 1.]), colorSpace='rgb', contrast=None, depth=-2.0, draggable=False, fillColor=array([0, 0, 0]), fillColorSpace='rgb', fillRGB=array([0, 0, 0]), interpolate=True, lineColor=array([1., 1., 1.]), lineColorSpace='rgb', lineRGB=array([1, 1, 1]), lineWidth=1.0, name='bikebuddy_SlowRepeat01', opacity=0.0, ori=0.0, pos=array([0., 0.]), size=array([1., 1.]), units='height', vertices=ndarray(...), win=Window(...), windingRule=None)
31.2366 	EXP 	window1: mouseVisible = True
31.2379 	EXP 	Created bikebuddy_FastRepeat01 = Line(__class__=<class 'psychopy.visual.line.Line'>, anchor=('center', 'center'), autoDraw=False, autoLog=True, closeShape=False, color=array([1., 1., 1.]), colorSpace='rgb', contrast=None, depth=-3.0, draggable=False, fillColor=array([0, 0, 0]), fillColorSpace='rgb', fillRGB=array([0, 0, 0]), interpolate=True, lineColor=array([1., 1., 1.]), lineColorSpace='rgb', lineRGB=array([1, 1, 1]), lineWidth=1.0, name='bikebuddy_FastRepeat01', opacity=0.0, ori=0.0, pos=array([0., 0.]), size=array([1., 1.]), units='height', vertices=ndarray(...), win=Window(...), windingRule=None)
0.0421 	EXP 	RouteThree: autoLog = True
0.0807 	EXP 	RouteThree: autoDraw = True
72.0120 	EXP 	SpanishRepeat01_noPedal: autoDraw = True
84.0134 	EXP 	SpanishRepeat01_noPedal: autoDraw = False
131.0120 	EXP 	bikebuddy_SlowRepeat01: autoDraw = True
142.0120 	EXP 	bikebuddy_SlowRepeat01: autoDraw = False
150.0120 	EXP 	bikebuddy_FastRepeat01: autoDraw = True
154.0121 	EXP 	bikebuddy_FastRepeat01: autoDraw = False
1727.3115 	EXP 	RouteThree: autoDraw = False
1727.3115 	EXP 	RouteThree: autoDraw = False
1727.3115 	EXP 	SpanishRepeat01_noPedal: autoDraw = False
1727.3115 	EXP 	bikebuddy_SlowRepeat01: autoDraw = False
1727.3115 	EXP 	bikebuddy_FastRepeat01: autoDraw = False
1727.3116 	EXP 	routeThreeExP: status = STOPPED
1727.4012 	EXP 	window1: mouseVisible = True
