15.7870 	WARNING 	User requested fullscreen with size [2560 1440], but screen is actually [1920, 1080]. Using actual size
16.5014 	EXP 	Created window1 = Window(allowGUI=True, allowStencil=False, autoLog=True, backendConf=UNKNOWN, backgroundFit=<method-wrapper '__getattribute__' of attributeSetter object at 0x000002CE2D663760>, backgroundImage=<method-wrapper '__getattribute__' of attributeSetter object at 0x000002CE2D663700>, bitsMode=UNKNOWN, blendMode='avg', bpc=(8, 8, 8), color=array([0, 0, 0]), colorSpace='rgb', depthBits=8, fullscr=<method-wrapper '__getattribute__' of attributeSetter object at 0x000002CE2D663580>, gamma=None, gammaErrorPolicy='raise', lms=UNKNOWN, monitor=<psychopy.monitors.calibTools.Monitor object at 0x000002CE32A39220>, multiSample=False, name='window1', numSamples=2, pos=(0, 0), screen=1, size=array([1920, 1080]), stencilBits=0, stereo=False, title='PsychoPy', units='height', useFBO=True, useRetina=False, viewOri=0.0, viewPos=None, viewScale=None, waitBlanking=True, winType='pyglet')
16.5015 	EXP 	window1: mouseVisible = True
16.5015 	EXP 	window1: backgroundImage = ''
16.5015 	EXP 	window1: backgroundFit = 'none'
16.5023 	EXP 	window1: Attempting to measure frame rate of screen (1) ...
16.5023 	EXP 	window1: recordFrameIntervals = False
16.6687 	EXP 	window1: recordFrameIntervals = True
16.8513 	EXP 	Screen (1) actual frame rate measured at 60.29Hz
16.8513 	EXP 	window1: recordFrameIntervals = False
16.8514 	EXP 	window1: mouseVisible = False
18.5008 	EXP 	routeOneExP: status = STARTED
18.5350 	EXP 	window1: mouseVisible = True
19.3246 	EXP 	window1: mouseVisible = True
19.3264 	EXP 	Created SpanishRepeat01_noPedal = Line(__class__=<class 'psychopy.visual.line.Line'>, anchor=('center', 'center'), autoDraw=False, autoLog=True, closeShape=False, color=array([1., 1., 1.]), colorSpace='rgb', contrast=None, depth=-1.0, draggable=False, fillColor=array([0, 0, 0]), fillColorSpace='rgb', fillRGB=array([0, 0, 0]), interpolate=True, lineColor=array([1., 1., 1.]), lineColorSpace='rgb', lineRGB=array([1, 1, 1]), lineWidth=1.0, name='SpanishRepeat01_noPedal', opacity=0.0, ori=0.0, pos=array([0., 0.]), size=array([1., 1.]), units='height', vertices=ndarray(...), win=Window(...), windingRule=None)
19.3265 	EXP 	window1: mouseVisible = True
19.3282 	EXP 	Created bikebuddy_SlowRepeat01 = Line(__class__=<class 'psychopy.visual.line.Line'>, anchor=('center', 'center'), autoDraw=False, autoLog=True, closeShape=False, color=array([1., 1., 1.]), colorSpace='rgb', contrast=None, depth=-2.0, draggable=False, fillColor=array([0, 0, 0]), fillColorSpace='rgb', fillRGB=array([0, 0, 0]), interpolate=True, lineColor=array([1., 1., 1.]), lineColorSpace='rgb', lineRGB=array([1, 1, 1]), lineWidth=1.0, name='bikebuddy_SlowRepeat01', opacity=0.0, ori=0.0, pos=array([0., 0.]), size=array([1., 1.]), units='height', vertices=ndarray(...), win=Window(...), windingRule=None)
19.3283 	EXP 	window1: mouseVisible = True
19.3296 	EXP 	Created bikebuddy_FastRepeat01 = Line(__class__=<class 'psychopy.visual.line.Line'>, anchor=('center', 'center'), autoDraw=False, autoLog=True, closeShape=False, color=array([1., 1., 1.]), colorSpace='rgb', contrast=None, depth=-3.0, draggable=False, fillColor=array([0, 0, 0]), fillColorSpace='rgb', fillRGB=array([0, 0, 0]), interpolate=True, lineColor=array([1., 1., 1.]), lineColorSpace='rgb', lineRGB=array([1, 1, 1]), lineWidth=1.0, name='bikebuddy_FastRepeat01', opacity=0.0, ori=0.0, pos=array([0., 0.]), size=array([1., 1.]), units='height', vertices=ndarray(...), win=Window(...), windingRule=None)
0.0476 	EXP 	RouteOne: autoLog = True
0.0883 	EXP 	RouteOne: autoDraw = True
72.0049 	EXP 	SpanishRepeat01_noPedal: autoDraw = True
84.0051 	EXP 	SpanishRepeat01_noPedal: autoDraw = False
131.0050 	EXP 	bikebuddy_SlowRepeat01: autoDraw = True
142.0057 	EXP 	bikebuddy_SlowRepeat01: autoDraw = False
150.0105 	EXP 	bikebuddy_FastRepeat01: autoDraw = True
154.0216 	EXP 	bikebuddy_FastRepeat01: autoDraw = False
2007.3031 	EXP 	RouteOne: autoDraw = False
2007.3031 	EXP 	RouteOne: autoDraw = False
2007.3031 	EXP 	SpanishRepeat01_noPedal: autoDraw = False
2007.3031 	EXP 	bikebuddy_SlowRepeat01: autoDraw = False
2007.3031 	EXP 	bikebuddy_FastRepeat01: autoDraw = False
2007.3032 	EXP 	routeOneExP: status = STOPPED
2007.3210 	EXP 	window1: mouseVisible = True
