10.1470 	WARNING 	User requested fullscreen with size [2560 1440], but screen is actually [1920, 1080]. Using actual size
10.8667 	EXP 	Created window1 = Window(allowGUI=True, allowStencil=False, autoLog=True, backendConf=UNKNOWN, backgroundFit=<method-wrapper '__getattribute__' of attributeSetter object at 0x0000023A509842B0>, backgroundImage=<method-wrapper '__getattribute__' of attributeSetter object at 0x0000023A50984250>, bitsMode=UNKNOWN, blendMode='avg', bpc=(8, 8, 8), color=array([0, 0, 0]), colorSpace='rgb', depthBits=8, fullscr=<method-wrapper '__getattribute__' of attributeSetter object at 0x0000023A509840A0>, gamma=None, gammaErrorPolicy='raise', lms=UNKNOWN, monitor=<psychopy.monitors.calibTools.Monitor object at 0x0000023A50B86D60>, multiSample=False, name='window1', numSamples=2, pos=(0, 0), screen=1, size=array([1920, 1080]), stencilBits=0, stereo=False, title='PsychoPy', units='height', useFBO=True, useRetina=False, viewOri=0.0, viewPos=None, viewScale=None, waitBlanking=True, winType='pyglet')
10.8668 	EXP 	window1: mouseVisible = True
10.8668 	EXP 	window1: backgroundImage = ''
10.8668 	EXP 	window1: backgroundFit = 'none'
10.8676 	EXP 	window1: Attempting to measure frame rate of screen (1) ...
10.8676 	EXP 	window1: recordFrameIntervals = False
11.0331 	EXP 	window1: recordFrameIntervals = True
11.2177 	EXP 	Screen (1) actual frame rate measured at 59.90Hz
11.2178 	EXP 	window1: recordFrameIntervals = False
11.2178 	EXP 	window1: mouseVisible = False
12.9635 	EXP 	routeOneExP: status = STARTED
13.0010 	EXP 	window1: mouseVisible = True
13.5813 	EXP 	window1: mouseVisible = True
13.5839 	EXP 	Created SpanishRepeat01_noPedal = Line(__class__=<class 'psychopy.visual.line.Line'>, anchor=('center', 'center'), autoDraw=False, autoLog=True, closeShape=False, color=array([1., 1., 1.]), colorSpace='rgb', contrast=None, depth=-1.0, draggable=False, fillColor=array([0, 0, 0]), fillColorSpace='rgb', fillRGB=array([0, 0, 0]), interpolate=True, lineColor=array([1., 1., 1.]), lineColorSpace='rgb', lineRGB=array([1, 1, 1]), lineWidth=1.0, name='SpanishRepeat01_noPedal', opacity=0.0, ori=0.0, pos=array([0., 0.]), size=array([1., 1.]), units='height', vertices=ndarray(...), win=Window(...), windingRule=None)
13.5841 	EXP 	window1: mouseVisible = True
13.5855 	EXP 	Created bikebuddy_SlowRepeat01 = Line(__class__=<class 'psychopy.visual.line.Line'>, anchor=('center', 'center'), autoDraw=False, autoLog=True, closeShape=False, color=array([1., 1., 1.]), colorSpace='rgb', contrast=None, depth=-2.0, draggable=False, fillColor=array([0, 0, 0]), fillColorSpace='rgb', fillRGB=array([0, 0, 0]), interpolate=True, lineColor=array([1., 1., 1.]), lineColorSpace='rgb', lineRGB=array([1, 1, 1]), lineWidth=1.0, name='bikebuddy_SlowRepeat01', opacity=0.0, ori=0.0, pos=array([0., 0.]), size=array([1., 1.]), units='height', vertices=ndarray(...), win=Window(...), windingRule=None)
13.5856 	EXP 	window1: mouseVisible = True
13.5867 	EXP 	Created bikebuddy_FastRepeat01 = Line(__class__=<class 'psychopy.visual.line.Line'>, anchor=('center', 'center'), autoDraw=False, autoLog=True, closeShape=False, color=array([1., 1., 1.]), colorSpace='rgb', contrast=None, depth=-3.0, draggable=False, fillColor=array([0, 0, 0]), fillColorSpace='rgb', fillRGB=array([0, 0, 0]), interpolate=True, lineColor=array([1., 1., 1.]), lineColorSpace='rgb', lineRGB=array([1, 1, 1]), lineWidth=1.0, name='bikebuddy_FastRepeat01', opacity=0.0, ori=0.0, pos=array([0., 0.]), size=array([1., 1.]), units='height', vertices=ndarray(...), win=Window(...), windingRule=None)
0.0453 	EXP 	RouteOne: autoLog = True
0.0629 	EXP 	RouteOne: autoDraw = True
72.0131 	EXP 	SpanishRepeat01_noPedal: autoDraw = True
84.0190 	EXP 	SpanishRepeat01_noPedal: autoDraw = False
131.0134 	EXP 	bikebuddy_SlowRepeat01: autoDraw = True
142.0135 	EXP 	bikebuddy_SlowRepeat01: autoDraw = False
150.0134 	EXP 	bikebuddy_FastRepeat01: autoDraw = True
154.0136 	EXP 	bikebuddy_FastRepeat01: autoDraw = False
2007.2859 	EXP 	RouteOne: autoDraw = False
2007.2859 	EXP 	RouteOne: autoDraw = False
2007.2859 	EXP 	SpanishRepeat01_noPedal: autoDraw = False
2007.2859 	EXP 	bikebuddy_SlowRepeat01: autoDraw = False
2007.2859 	EXP 	bikebuddy_FastRepeat01: autoDraw = False
2007.2860 	EXP 	routeOneExP: status = STOPPED
2007.3017 	EXP 	window1: mouseVisible = True
