23.9873 	WARNING 	User requested fullscreen with size [2560 1440], but screen is actually [1920, 1080]. Using actual size
24.7450 	EXP 	Created window1 = Window(allowGUI=True, allowStencil=False, autoLog=True, backendConf=UNKNOWN, backgroundFit=<method-wrapper '__getattribute__' of attributeSetter object at 0x000001E699CBFCA0>, backgroundImage=<method-wrapper '__getattribute__' of attributeSetter object at 0x000001E699CBFC40>, bitsMode=UNKNOWN, blendMode='avg', bpc=(8, 8, 8), color=array([0, 0, 0]), colorSpace='rgb', depthBits=8, fullscr=<method-wrapper '__getattribute__' of attributeSetter object at 0x000001E699CBF790>, gamma=None, gammaErrorPolicy='raise', lms=UNKNOWN, monitor=<psychopy.monitors.calibTools.Monitor object at 0x000001E69F0DA2E0>, multiSample=False, name='window1', numSamples=2, pos=(0, 0), screen=1, size=array([1920, 1080]), stencilBits=0, stereo=False, title='PsychoPy', units='height', useFBO=True, useRetina=False, viewOri=0.0, viewPos=None, viewScale=None, waitBlanking=True, winType='pyglet')
24.7450 	EXP 	window1: mouseVisible = True
24.7450 	EXP 	window1: backgroundImage = ''
24.7450 	EXP 	window1: backgroundFit = 'none'
24.7459 	EXP 	window1: Attempting to measure frame rate of screen (1) ...
24.7459 	EXP 	window1: recordFrameIntervals = False
24.9105 	EXP 	window1: recordFrameIntervals = True
25.0948 	EXP 	Screen (1) actual frame rate measured at 59.66Hz
25.0949 	EXP 	window1: recordFrameIntervals = False
25.0949 	EXP 	window1: mouseVisible = False
26.8749 	EXP 	routeOneExP: status = STARTED
26.9142 	EXP 	window1: mouseVisible = True
27.5076 	EXP 	window1: mouseVisible = True
27.5092 	EXP 	Created SpanishRepeat01_noPedal = Line(__class__=<class 'psychopy.visual.line.Line'>, anchor=('center', 'center'), autoDraw=False, autoLog=True, closeShape=False, color=array([1., 1., 1.]), colorSpace='rgb', contrast=None, depth=-1.0, draggable=False, fillColor=array([0, 0, 0]), fillColorSpace='rgb', fillRGB=array([0, 0, 0]), interpolate=True, lineColor=array([1., 1., 1.]), lineColorSpace='rgb', lineRGB=array([1, 1, 1]), lineWidth=1.0, name='SpanishRepeat01_noPedal', opacity=0.0, ori=0.0, pos=array([0., 0.]), size=array([1., 1.]), units='height', vertices=ndarray(...), win=Window(...), windingRule=None)
27.5093 	EXP 	window1: mouseVisible = True
27.5108 	EXP 	Created bikebuddy_SlowRepeat01 = Line(__class__=<class 'psychopy.visual.line.Line'>, anchor=('center', 'center'), autoDraw=False, autoLog=True, closeShape=False, color=array([1., 1., 1.]), colorSpace='rgb', contrast=None, depth=-2.0, draggable=False, fillColor=array([0, 0, 0]), fillColorSpace='rgb', fillRGB=array([0, 0, 0]), interpolate=True, lineColor=array([1., 1., 1.]), lineColorSpace='rgb', lineRGB=array([1, 1, 1]), lineWidth=1.0, name='bikebuddy_SlowRepeat01', opacity=0.0, ori=0.0, pos=array([0., 0.]), size=array([1., 1.]), units='height', vertices=ndarray(...), win=Window(...), windingRule=None)
27.5109 	EXP 	window1: mouseVisible = True
27.5123 	EXP 	Created bikebuddy_FastRepeat01 = Line(__class__=<class 'psychopy.visual.line.Line'>, anchor=('center', 'center'), autoDraw=False, autoLog=True, closeShape=False, color=array([1., 1., 1.]), colorSpace='rgb', contrast=None, depth=-3.0, draggable=False, fillColor=array([0, 0, 0]), fillColorSpace='rgb', fillRGB=array([0, 0, 0]), interpolate=True, lineColor=array([1., 1., 1.]), lineColorSpace='rgb', lineRGB=array([1, 1, 1]), lineWidth=1.0, name='bikebuddy_FastRepeat01', opacity=0.0, ori=0.0, pos=array([0., 0.]), size=array([1., 1.]), units='height', vertices=ndarray(...), win=Window(...), windingRule=None)
0.0448 	EXP 	RouteOne: autoLog = True
0.0664 	EXP 	RouteOne: autoDraw = True
72.0148 	EXP 	SpanishRepeat01_noPedal: autoDraw = True
84.0151 	EXP 	SpanishRepeat01_noPedal: autoDraw = False
131.0149 	EXP 	bikebuddy_SlowRepeat01: autoDraw = True
142.0149 	EXP 	bikebuddy_SlowRepeat01: autoDraw = False
150.0150 	EXP 	bikebuddy_FastRepeat01: autoDraw = True
154.0150 	EXP 	bikebuddy_FastRepeat01: autoDraw = False
2007.2865 	EXP 	RouteOne: autoDraw = False
2007.2865 	EXP 	RouteOne: autoDraw = False
2007.2865 	EXP 	SpanishRepeat01_noPedal: autoDraw = False
2007.2865 	EXP 	bikebuddy_SlowRepeat01: autoDraw = False
2007.2865 	EXP 	bikebuddy_FastRepeat01: autoDraw = False
2007.2866 	EXP 	routeOneExP: status = STOPPED
2007.3206 	EXP 	window1: mouseVisible = True
