19.2764 	WARNING 	User requested fullscreen with size [2560 1440], but screen is actually [1920, 1080]. Using actual size
20.0136 	EXP 	Created window1 = Window(allowGUI=True, allowStencil=False, autoLog=True, backendConf=UNKNOWN, backgroundFit=<method-wrapper '__getattribute__' of attributeSetter object at 0x000001F977459370>, backgroundImage=<method-wrapper '__getattribute__' of attributeSetter object at 0x000001F977459310>, bitsMode=UNKNOWN, blendMode='avg', bpc=(8, 8, 8), color=array([0, 0, 0]), colorSpace='rgb', depthBits=8, fullscr=<method-wrapper '__getattribute__' of attributeSetter object at 0x000001F977459160>, gamma=None, gammaErrorPolicy='raise', lms=UNKNOWN, monitor=<psychopy.monitors.calibTools.Monitor object at 0x000001F97C82AE20>, multiSample=False, name='window1', numSamples=2, pos=(0, 0), screen=1, size=array([1920, 1080]), stencilBits=0, stereo=False, title='PsychoPy', units='height', useFBO=True, useRetina=False, viewOri=0.0, viewPos=None, viewScale=None, waitBlanking=True, winType='pyglet')
20.0136 	EXP 	window1: mouseVisible = True
20.0136 	EXP 	window1: backgroundImage = ''
20.0136 	EXP 	window1: backgroundFit = 'none'
20.0145 	EXP 	window1: Attempting to measure frame rate of screen (1) ...
20.0145 	EXP 	window1: recordFrameIntervals = False
20.1799 	EXP 	window1: recordFrameIntervals = True
20.3633 	EXP 	Screen (1) actual frame rate measured at 60.00Hz
20.3633 	EXP 	window1: recordFrameIntervals = False
20.3634 	EXP 	window1: mouseVisible = False
22.1431 	EXP 	routeOneExP: status = STARTED
22.1811 	EXP 	window1: mouseVisible = True
22.7588 	EXP 	window1: mouseVisible = True
22.7619 	EXP 	Created SpanishRepeat01_noPedal = Line(__class__=<class 'psychopy.visual.line.Line'>, anchor=('center', 'center'), autoDraw=False, autoLog=True, closeShape=False, color=array([1., 1., 1.]), colorSpace='rgb', contrast=None, depth=-1.0, draggable=False, fillColor=array([0, 0, 0]), fillColorSpace='rgb', fillRGB=array([0, 0, 0]), interpolate=True, lineColor=array([1., 1., 1.]), lineColorSpace='rgb', lineRGB=array([1, 1, 1]), lineWidth=1.0, name='SpanishRepeat01_noPedal', opacity=0.0, ori=0.0, pos=array([0., 0.]), size=array([1., 1.]), units='height', vertices=ndarray(...), win=Window(...), windingRule=None)
22.7620 	EXP 	window1: mouseVisible = True
22.7635 	EXP 	Created bikebuddy_SlowRepeat01 = Line(__class__=<class 'psychopy.visual.line.Line'>, anchor=('center', 'center'), autoDraw=False, autoLog=True, closeShape=False, color=array([1., 1., 1.]), colorSpace='rgb', contrast=None, depth=-2.0, draggable=False, fillColor=array([0, 0, 0]), fillColorSpace='rgb', fillRGB=array([0, 0, 0]), interpolate=True, lineColor=array([1., 1., 1.]), lineColorSpace='rgb', lineRGB=array([1, 1, 1]), lineWidth=1.0, name='bikebuddy_SlowRepeat01', opacity=0.0, ori=0.0, pos=array([0., 0.]), size=array([1., 1.]), units='height', vertices=ndarray(...), win=Window(...), windingRule=None)
22.7636 	EXP 	window1: mouseVisible = True
22.7648 	EXP 	Created bikebuddy_FastRepeat01 = Line(__class__=<class 'psychopy.visual.line.Line'>, anchor=('center', 'center'), autoDraw=False, autoLog=True, closeShape=False, color=array([1., 1., 1.]), colorSpace='rgb', contrast=None, depth=-3.0, draggable=False, fillColor=array([0, 0, 0]), fillColorSpace='rgb', fillRGB=array([0, 0, 0]), interpolate=True, lineColor=array([1., 1., 1.]), lineColorSpace='rgb', lineRGB=array([1, 1, 1]), lineWidth=1.0, name='bikebuddy_FastRepeat01', opacity=0.0, ori=0.0, pos=array([0., 0.]), size=array([1., 1.]), units='height', vertices=ndarray(...), win=Window(...), windingRule=None)
0.0406 	EXP 	RouteOne: autoLog = True
0.0653 	EXP 	RouteOne: autoDraw = True
72.0154 	EXP 	SpanishRepeat01_noPedal: autoDraw = True
84.0152 	EXP 	SpanishRepeat01_noPedal: autoDraw = False
131.0166 	EXP 	bikebuddy_SlowRepeat01: autoDraw = True
142.0327 	EXP 	bikebuddy_SlowRepeat01: autoDraw = False
150.0156 	EXP 	bikebuddy_FastRepeat01: autoDraw = True
154.0155 	EXP 	bikebuddy_FastRepeat01: autoDraw = False
2007.2831 	EXP 	RouteOne: autoDraw = False
2007.2831 	EXP 	RouteOne: autoDraw = False
2007.2831 	EXP 	SpanishRepeat01_noPedal: autoDraw = False
2007.2831 	EXP 	bikebuddy_SlowRepeat01: autoDraw = False
2007.2831 	EXP 	bikebuddy_FastRepeat01: autoDraw = False
2007.2831 	EXP 	routeOneExP: status = STOPPED
2007.2973 	EXP 	window1: mouseVisible = True
