38.4144 	WARNING 	User requested fullscreen with size [2560 1440], but screen is actually [1920, 1080]. Using actual size
39.1549 	EXP 	Created window1 = Window(allowGUI=True, allowStencil=False, autoLog=True, backendConf=UNKNOWN, backgroundFit=<method-wrapper '__getattribute__' of attributeSetter object at 0x0000020C3AAC2CD0>, backgroundImage=<method-wrapper '__getattribute__' of attributeSetter object at 0x0000020C3AAC2C70>, bitsMode=UNKNOWN, blendMode='avg', bpc=(8, 8, 8), color=array([0, 0, 0]), colorSpace='rgb', depthBits=8, fullscr=<method-wrapper '__getattribute__' of attributeSetter object at 0x0000020C3AAC2790>, gamma=None, gammaErrorPolicy='raise', lms=UNKNOWN, monitor=<psychopy.monitors.calibTools.Monitor object at 0x0000020C3AC0E2B0>, multiSample=False, name='window1', numSamples=2, pos=(0, 0), screen=1, size=array([1920, 1080]), stencilBits=0, stereo=False, title='PsychoPy', units='height', useFBO=True, useRetina=False, viewOri=0.0, viewPos=None, viewScale=None, waitBlanking=True, winType='pyglet')
39.1550 	EXP 	window1: mouseVisible = True
39.1550 	EXP 	window1: backgroundImage = ''
39.1550 	EXP 	window1: backgroundFit = 'none'
39.1558 	EXP 	window1: Attempting to measure frame rate of screen (1) ...
39.1559 	EXP 	window1: recordFrameIntervals = False
39.3214 	EXP 	window1: recordFrameIntervals = True
39.5049 	EXP 	Screen (1) actual frame rate measured at 59.94Hz
39.5050 	EXP 	window1: recordFrameIntervals = False
39.5050 	EXP 	window1: mouseVisible = False
41.4023 	EXP 	routeOneExP: status = STARTED
41.4402 	EXP 	window1: mouseVisible = True
42.0597 	EXP 	window1: mouseVisible = True
42.0620 	EXP 	Created SpanishRepeat01_noPedal = Line(__class__=<class 'psychopy.visual.line.Line'>, anchor=('center', 'center'), autoDraw=False, autoLog=True, closeShape=False, color=array([1., 1., 1.]), colorSpace='rgb', contrast=None, depth=-1.0, draggable=False, fillColor=array([0, 0, 0]), fillColorSpace='rgb', fillRGB=array([0, 0, 0]), interpolate=True, lineColor=array([1., 1., 1.]), lineColorSpace='rgb', lineRGB=array([1, 1, 1]), lineWidth=1.0, name='SpanishRepeat01_noPedal', opacity=0.0, ori=0.0, pos=array([0., 0.]), size=array([1., 1.]), units='height', vertices=ndarray(...), win=Window(...), windingRule=None)
42.0621 	EXP 	window1: mouseVisible = True
42.0633 	EXP 	Created bikebuddy_SlowRepeat01 = Line(__class__=<class 'psychopy.visual.line.Line'>, anchor=('center', 'center'), autoDraw=False, autoLog=True, closeShape=False, color=array([1., 1., 1.]), colorSpace='rgb', contrast=None, depth=-2.0, draggable=False, fillColor=array([0, 0, 0]), fillColorSpace='rgb', fillRGB=array([0, 0, 0]), interpolate=True, lineColor=array([1., 1., 1.]), lineColorSpace='rgb', lineRGB=array([1, 1, 1]), lineWidth=1.0, name='bikebuddy_SlowRepeat01', opacity=0.0, ori=0.0, pos=array([0., 0.]), size=array([1., 1.]), units='height', vertices=ndarray(...), win=Window(...), windingRule=None)
42.0634 	EXP 	window1: mouseVisible = True
42.0647 	EXP 	Created bikebuddy_FastRepeat01 = Line(__class__=<class 'psychopy.visual.line.Line'>, anchor=('center', 'center'), autoDraw=False, autoLog=True, closeShape=False, color=array([1., 1., 1.]), colorSpace='rgb', contrast=None, depth=-3.0, draggable=False, fillColor=array([0, 0, 0]), fillColorSpace='rgb', fillRGB=array([0, 0, 0]), interpolate=True, lineColor=array([1., 1., 1.]), lineColorSpace='rgb', lineRGB=array([1, 1, 1]), lineWidth=1.0, name='bikebuddy_FastRepeat01', opacity=0.0, ori=0.0, pos=array([0., 0.]), size=array([1., 1.]), units='height', vertices=ndarray(...), win=Window(...), windingRule=None)
0.0415 	EXP 	RouteOne: autoLog = True
0.0564 	EXP 	RouteOne: autoDraw = True
72.0080 	EXP 	SpanishRepeat01_noPedal: autoDraw = True
84.0256 	EXP 	SpanishRepeat01_noPedal: autoDraw = False
131.0072 	EXP 	bikebuddy_SlowRepeat01: autoDraw = True
142.0072 	EXP 	bikebuddy_SlowRepeat01: autoDraw = False
150.0071 	EXP 	bikebuddy_FastRepeat01: autoDraw = True
154.0071 	EXP 	bikebuddy_FastRepeat01: autoDraw = False
2007.2874 	EXP 	RouteOne: autoDraw = False
2007.2874 	EXP 	RouteOne: autoDraw = False
2007.2874 	EXP 	SpanishRepeat01_noPedal: autoDraw = False
2007.2874 	EXP 	bikebuddy_SlowRepeat01: autoDraw = False
2007.2874 	EXP 	bikebuddy_FastRepeat01: autoDraw = False
2007.2875 	EXP 	routeOneExP: status = STOPPED
2007.3085 	EXP 	window1: mouseVisible = True
