10.8347 	WARNING 	User requested fullscreen with size [2560 1440], but screen is actually [1920, 1080]. Using actual size
11.5454 	EXP 	Created window1 = Window(allowGUI=True, allowStencil=False, autoLog=True, backendConf=UNKNOWN, backgroundFit=<method-wrapper '__getattribute__' of attributeSetter object at 0x000001BEB5881CD0>, backgroundImage=<method-wrapper '__getattribute__' of attributeSetter object at 0x000001BEB5881C70>, bitsMode=UNKNOWN, blendMode='avg', bpc=(8, 8, 8), color=array([0, 0, 0]), colorSpace='rgb', depthBits=8, fullscr=<method-wrapper '__getattribute__' of attributeSetter object at 0x000001BEB5881AF0>, gamma=None, gammaErrorPolicy='raise', lms=UNKNOWN, monitor=<psychopy.monitors.calibTools.Monitor object at 0x000001BEBAC5C2E0>, multiSample=False, name='window1', numSamples=2, pos=(0, 0), screen=1, size=array([1920, 1080]), stencilBits=0, stereo=False, title='PsychoPy', units='height', useFBO=True, useRetina=False, viewOri=0.0, viewPos=None, viewScale=None, waitBlanking=True, winType='pyglet')
11.5455 	EXP 	window1: mouseVisible = True
11.5455 	EXP 	window1: backgroundImage = ''
11.5455 	EXP 	window1: backgroundFit = 'none'
11.5465 	EXP 	window1: Attempting to measure frame rate of screen (1) ...
11.5465 	EXP 	window1: recordFrameIntervals = False
11.7117 	EXP 	window1: recordFrameIntervals = True
11.8951 	EXP 	Screen (1) actual frame rate measured at 59.99Hz
11.8952 	EXP 	window1: recordFrameIntervals = False
11.8952 	EXP 	window1: mouseVisible = False
13.6287 	EXP 	routeOneExP: status = STARTED
13.6665 	EXP 	window1: mouseVisible = True
14.2639 	EXP 	window1: mouseVisible = True
14.2663 	EXP 	Created SpanishRepeat01_noPedal = Line(__class__=<class 'psychopy.visual.line.Line'>, anchor=('center', 'center'), autoDraw=False, autoLog=True, closeShape=False, color=array([1., 1., 1.]), colorSpace='rgb', contrast=None, depth=-1.0, draggable=False, fillColor=array([0, 0, 0]), fillColorSpace='rgb', fillRGB=array([0, 0, 0]), interpolate=True, lineColor=array([1., 1., 1.]), lineColorSpace='rgb', lineRGB=array([1, 1, 1]), lineWidth=1.0, name='SpanishRepeat01_noPedal', opacity=0.0, ori=0.0, pos=array([0., 0.]), size=array([1., 1.]), units='height', vertices=ndarray(...), win=Window(...), windingRule=None)
14.2664 	EXP 	window1: mouseVisible = True
14.2678 	EXP 	Created bikebuddy_SlowRepeat01 = Line(__class__=<class 'psychopy.visual.line.Line'>, anchor=('center', 'center'), autoDraw=False, autoLog=True, closeShape=False, color=array([1., 1., 1.]), colorSpace='rgb', contrast=None, depth=-2.0, draggable=False, fillColor=array([0, 0, 0]), fillColorSpace='rgb', fillRGB=array([0, 0, 0]), interpolate=True, lineColor=array([1., 1., 1.]), lineColorSpace='rgb', lineRGB=array([1, 1, 1]), lineWidth=1.0, name='bikebuddy_SlowRepeat01', opacity=0.0, ori=0.0, pos=array([0., 0.]), size=array([1., 1.]), units='height', vertices=ndarray(...), win=Window(...), windingRule=None)
14.2679 	EXP 	window1: mouseVisible = True
14.2691 	EXP 	Created bikebuddy_FastRepeat01 = Line(__class__=<class 'psychopy.visual.line.Line'>, anchor=('center', 'center'), autoDraw=False, autoLog=True, closeShape=False, color=array([1., 1., 1.]), colorSpace='rgb', contrast=None, depth=-3.0, draggable=False, fillColor=array([0, 0, 0]), fillColorSpace='rgb', fillRGB=array([0, 0, 0]), interpolate=True, lineColor=array([1., 1., 1.]), lineColorSpace='rgb', lineRGB=array([1, 1, 1]), lineWidth=1.0, name='bikebuddy_FastRepeat01', opacity=0.0, ori=0.0, pos=array([0., 0.]), size=array([1., 1.]), units='height', vertices=ndarray(...), win=Window(...), windingRule=None)
0.0435 	EXP 	RouteOne: autoLog = True
0.0613 	EXP 	RouteOne: autoDraw = True
72.0095 	EXP 	SpanishRepeat01_noPedal: autoDraw = True
84.0096 	EXP 	SpanishRepeat01_noPedal: autoDraw = False
131.0097 	EXP 	bikebuddy_SlowRepeat01: autoDraw = True
142.0098 	EXP 	bikebuddy_SlowRepeat01: autoDraw = False
150.0099 	EXP 	bikebuddy_FastRepeat01: autoDraw = True
154.0101 	EXP 	bikebuddy_FastRepeat01: autoDraw = False
2007.2851 	EXP 	RouteOne: autoDraw = False
2007.2851 	EXP 	RouteOne: autoDraw = False
2007.2851 	EXP 	SpanishRepeat01_noPedal: autoDraw = False
2007.2851 	EXP 	bikebuddy_SlowRepeat01: autoDraw = False
2007.2851 	EXP 	bikebuddy_FastRepeat01: autoDraw = False
2007.2852 	EXP 	routeOneExP: status = STOPPED
2007.3090 	EXP 	window1: mouseVisible = True
